TN:
SF:/Users/conduct16/Projects/javascript-algorithms/assets/arrays/questions/count_instances/count_instances.js
FN:12,countInstances
FN:13,(anonymous_1)
FNF:2
FNH:2
FNDA:1,countInstances
FNDA:5,(anonymous_1)
DA:13,1
DA:14,5
DA:15,1
DA:17,4
DA:20,5
LF:5
LH:5
BRDA:14,0,0,1
BRDA:14,0,1,4
BRF:2
BRH:2
end_of_record
TN:
SF:/Users/conduct16/Projects/javascript-algorithms/assets/arrays/questions/count_instances/test/count_instances.spec.js
FN:5,(anonymous_1)
FN:6,(anonymous_2)
FNF:2
FNH:2
FNDA:1,(anonymous_1)
FNDA:1,(anonymous_2)
DA:2,1
DA:3,1
DA:5,1
DA:6,1
DA:7,1
DA:8,1
DA:9,1
DA:10,1
DA:11,1
DA:12,1
LF:10
LH:10
BRF:0
BRH:0
end_of_record
TN:
SF:/Users/conduct16/Projects/javascript-algorithms/assets/arrays/questions/filter/filter.js
FN:29,map
FN:31,(anonymous_1)
FNF:2
FNH:2
FNDA:1,map
FNDA:5,(anonymous_1)
DA:30,1
DA:31,1
DA:32,5
DA:33,3
DA:37,1
LF:5
LH:5
BRDA:32,0,0,3
BRDA:32,0,1,2
BRF:2
BRH:2
end_of_record
TN:
SF:/Users/conduct16/Projects/javascript-algorithms/assets/arrays/questions/filter/test/filter.spec.js
FN:5,(anonymous_1)
FN:6,(anonymous_2)
FN:8,(anonymous_3)
FNF:3
FNH:3
FNDA:1,(anonymous_1)
FNDA:1,(anonymous_2)
FNDA:5,(anonymous_3)
DA:2,1
DA:3,1
DA:5,1
DA:6,1
DA:7,1
DA:8,5
DA:10,1
DA:11,1
DA:12,1
DA:13,1
LF:10
LH:10
BRF:0
BRH:0
end_of_record
TN:
SF:/Users/conduct16/Projects/javascript-algorithms/assets/arrays/questions/flatten/flatten_array.js
FN:23,flatten1
FN:31,flatten2
FN:47,flatten3
FN:48,(anonymous_4)
FN:55,flatten4
FN:71,flattenMixed
FN:72,(anonymous_7)
FNF:7
FNH:7
FNDA:2,flatten1
FNDA:1,flatten2
FNDA:2,flatten3
FNDA:8,(anonymous_4)
FNDA:2,flatten4
FNDA:5,flattenMixed
FNDA:13,(anonymous_7)
DA:24,2
DA:32,1
DA:34,1
DA:35,3
DA:36,6
DA:40,1
DA:48,8
DA:56,2
DA:72,13
LF:9
LH:9
BRDA:72,0,0,4
BRDA:72,0,1,9
BRF:2
BRH:2
end_of_record
TN:
SF:/Users/conduct16/Projects/javascript-algorithms/assets/arrays/questions/flatten/test/flatten_array.spec.js
FN:8,(anonymous_0)
FN:9,(anonymous_1)
FN:15,(anonymous_2)
FN:16,(anonymous_3)
FN:21,(anonymous_4)
FN:22,(anonymous_5)
FN:28,(anonymous_6)
FN:29,(anonymous_7)
FN:35,(anonymous_8)
FN:38,(anonymous_9)
FNF:10
FNH:10
FNDA:1,(anonymous_0)
FNDA:1,(anonymous_1)
FNDA:1,(anonymous_2)
FNDA:1,(anonymous_3)
FNDA:1,(anonymous_4)
FNDA:1,(anonymous_5)
FNDA:1,(anonymous_6)
FNDA:1,(anonymous_7)
FNDA:1,(anonymous_8)
FNDA:1,(anonymous_9)
DA:2,1
DA:3,1
DA:5,1
DA:6,1
DA:8,1
DA:9,1
DA:10,1
DA:11,1
DA:15,1
DA:16,1
DA:17,1
DA:21,1
DA:22,1
DA:23,1
DA:24,1
DA:28,1
DA:29,1
DA:30,1
DA:31,1
DA:35,1
DA:36,1
DA:38,1
DA:39,1
LF:23
LH:23
BRF:0
BRH:0
end_of_record
TN:
SF:/Users/conduct16/Projects/javascript-algorithms/assets/arrays/questions/inflight_entertainment/inflight_entertainment.js
FN:62,twoMovies
FNF:1
FNH:1
FNDA:2,twoMovies
DA:62,14
DA:64,2
DA:66,10
DA:67,10
DA:68,10
DA:70,10
DA:72,9
DA:76,1
LF:8
LH:8
BRDA:70,0,0,1
BRDA:70,0,1,9
BRDA:62,1,0,2
BRDA:62,1,1,5
BRF:4
BRH:4
end_of_record
TN:
SF:/Users/conduct16/Projects/javascript-algorithms/assets/arrays/questions/inflight_entertainment/test/inflight_entertainment.spec.js
FN:5,(anonymous_1)
FN:8,(anonymous_2)
FN:13,(anonymous_3)
FNF:3
FNH:3
FNDA:1,(anonymous_1)
FNDA:1,(anonymous_2)
FNDA:1,(anonymous_3)
DA:2,1
DA:3,1
DA:5,1
DA:6,1
DA:8,1
DA:9,1
DA:10,1
DA:13,1
DA:14,1
DA:15,1
LF:10
LH:10
BRF:0
BRH:0
end_of_record
TN:
SF:/Users/conduct16/Projects/javascript-algorithms/assets/arrays/questions/map/map.js
FN:19,map
FN:21,(anonymous_1)
FNF:2
FNH:2
FNDA:1,map
FNDA:5,(anonymous_1)
DA:20,1
DA:21,1
DA:22,5
DA:25,1
LF:4
LH:4
BRF:0
BRH:0
end_of_record
TN:
SF:/Users/conduct16/Projects/javascript-algorithms/assets/arrays/questions/map/test/map.spec.js
FN:5,(anonymous_1)
FN:6,(anonymous_2)
FN:8,(anonymous_3)
FNF:3
FNH:3
FNDA:1,(anonymous_1)
FNDA:1,(anonymous_2)
FNDA:5,(anonymous_3)
DA:2,1
DA:3,1
DA:5,1
DA:6,1
DA:7,1
DA:8,5
DA:10,1
DA:11,1
DA:12,1
DA:13,1
LF:10
LH:10
BRF:0
BRH:0
end_of_record
TN:
SF:/Users/conduct16/Projects/javascript-algorithms/assets/arrays/questions/move_zeros/move_zeros.js
FN:48,moveZeros
FN:111,moveZerosOptimal
FNF:2
FNH:2
FNDA:2,moveZeros
FNDA:2,moveZerosOptimal
DA:50,2
DA:51,2
DA:52,11
DA:56,2
DA:57,2
DA:58,11
DA:59,7
DA:64,2
DA:65,4
DA:66,4
DA:71,2
DA:72,11
DA:112,2
DA:116,2
DA:117,11
DA:118,7
DA:119,7
DA:126,2
DA:127,4
LF:19
LH:19
BRDA:58,0,0,7
BRDA:58,0,1,4
BRDA:117,1,0,7
BRDA:117,1,1,4
BRF:4
BRH:4
end_of_record
TN:
SF:/Users/conduct16/Projects/javascript-algorithms/assets/arrays/questions/move_zeros/test/move_zeros.spec.js
FN:5,(anonymous_0)
FN:6,(anonymous_1)
FN:14,(anonymous_2)
FN:22,(anonymous_3)
FN:23,(anonymous_4)
FN:31,(anonymous_5)
FNF:6
FNH:6
FNDA:1,(anonymous_0)
FNDA:1,(anonymous_1)
FNDA:1,(anonymous_2)
FNDA:1,(anonymous_3)
FNDA:1,(anonymous_4)
FNDA:1,(anonymous_5)
DA:2,1
DA:3,1
DA:5,1
DA:6,1
DA:7,1
DA:8,1
DA:9,1
DA:10,1
DA:11,1
DA:14,1
DA:15,1
DA:16,1
DA:17,1
DA:18,1
DA:22,1
DA:23,1
DA:24,1
DA:25,1
DA:26,1
DA:27,1
DA:28,1
DA:31,1
DA:32,1
DA:33,1
DA:34,1
DA:35,1
LF:26
LH:26
BRF:0
BRH:0
end_of_record
TN:
SF:/Users/conduct16/Projects/javascript-algorithms/assets/arrays/questions/pascals_triangle/pascals_triangle.js
FN:34,pascalsTriangle
FNF:1
FNH:1
FNDA:1,pascalsTriangle
DA:35,1
DA:37,1
DA:38,1
DA:40,1
DA:41,3
DA:43,3
DA:44,6
DA:45,6
DA:49,1
LF:9
LH:9
BRDA:37,0,0,0
BRDA:37,0,1,1
BRDA:38,1,0,0
BRDA:38,1,1,1
BRF:4
BRH:2
end_of_record
TN:
SF:/Users/conduct16/Projects/javascript-algorithms/assets/arrays/questions/pascals_triangle/test/pascals_triangle.spec.js
FN:5,(anonymous_1)
FN:6,(anonymous_2)
FNF:2
FNH:2
FNDA:1,(anonymous_1)
FNDA:1,(anonymous_2)
DA:2,1
DA:3,1
DA:5,1
DA:6,1
DA:7,1
DA:9,1
DA:10,1
DA:11,1
DA:12,1
DA:13,1
LF:10
LH:10
BRF:0
BRH:0
end_of_record
TN:
SF:/Users/conduct16/Projects/javascript-algorithms/assets/arrays/questions/reduce/reduce.js
FN:24,reduce
FN:25,(anonymous_1)
FNF:2
FNH:2
FNDA:1,reduce
FNDA:5,(anonymous_1)
DA:25,1
DA:26,5
DA:29,1
LF:3
LH:3
BRF:0
BRH:0
end_of_record
TN:
SF:/Users/conduct16/Projects/javascript-algorithms/assets/arrays/questions/reduce/test/reduce.spec.js
FN:5,(anonymous_1)
FN:6,(anonymous_2)
FN:8,(anonymous_3)
FNF:3
FNH:3
FNDA:1,(anonymous_1)
FNDA:1,(anonymous_2)
FNDA:5,(anonymous_3)
DA:2,1
DA:3,1
DA:5,1
DA:6,1
DA:7,1
DA:8,5
DA:10,1
LF:7
LH:7
BRF:0
BRH:0
end_of_record
TN:
SF:/Users/conduct16/Projects/javascript-algorithms/assets/arrays/questions/rotate_array/rotate_array.js
FN:40,rotateArrayBrute
FN:105,rotateArrayExtra
FN:165,rotateArrayCyclic
FN:214,rotateArrayReverse
FN:239,reverse
FNF:5
FNH:5
FNDA:1,rotateArrayBrute
FNDA:1,rotateArrayExtra
FNDA:1,rotateArrayCyclic
FNDA:1,rotateArrayReverse
FNDA:3,reverse
DA:41,1
DA:42,1
DA:44,1
DA:45,3
DA:47,3
DA:48,21
DA:49,21
DA:50,21
DA:106,1
DA:109,1
DA:110,7
DA:114,1
DA:115,7
DA:166,1
DA:167,1
DA:169,1
DA:170,1
DA:171,1
DA:173,1
DA:174,7
DA:175,7
DA:176,7
DA:177,7
DA:178,7
DA:179,7
DA:215,1
DA:216,1
DA:217,1
DA:218,1
DA:240,3
DA:241,6
DA:242,6
DA:243,6
DA:244,6
DA:245,6
LF:35
LH:35
BRF:0
BRH:0
end_of_record
TN:
SF:/Users/conduct16/Projects/javascript-algorithms/assets/arrays/questions/rotate_array/test/rotate_array.spec.js
FN:5,(anonymous_0)
FN:6,(anonymous_1)
FN:13,(anonymous_2)
FN:14,(anonymous_3)
FN:21,(anonymous_4)
FN:22,(anonymous_5)
FN:29,(anonymous_6)
FN:30,(anonymous_7)
FNF:8
FNH:8
FNDA:1,(anonymous_0)
FNDA:1,(anonymous_1)
FNDA:1,(anonymous_2)
FNDA:1,(anonymous_3)
FNDA:1,(anonymous_4)
FNDA:1,(anonymous_5)
FNDA:1,(anonymous_6)
FNDA:1,(anonymous_7)
DA:2,1
DA:3,1
DA:5,1
DA:6,1
DA:7,1
DA:8,1
DA:9,1
DA:13,1
DA:14,1
DA:15,1
DA:16,1
DA:17,1
DA:21,1
DA:22,1
DA:23,1
DA:24,1
DA:25,1
DA:29,1
DA:30,1
DA:31,1
DA:32,1
DA:33,1
LF:22
LH:22
BRF:0
BRH:0
end_of_record
TN:
SF:/Users/conduct16/Projects/javascript-algorithms/assets/arrays/questions/rotate_matrix/rotate_matrix.js
FN:38,rotateMatrix
FNF:1
FNH:1
FNDA:2,rotateMatrix
DA:40,2
DA:43,1
DA:44,2
DA:45,2
DA:48,2
DA:49,4
DA:52,4
DA:55,4
DA:58,4
DA:61,4
DA:64,4
DA:68,1
LF:12
LH:12
BRDA:40,0,0,1
BRDA:40,0,1,1
BRF:2
BRH:2
end_of_record
TN:
SF:/Users/conduct16/Projects/javascript-algorithms/assets/arrays/questions/rotate_matrix/test/rotate_matrix.spec.js
FN:5,(anonymous_1)
FN:6,(anonymous_2)
FN:20,(anonymous_3)
FNF:3
FNH:3
FNDA:1,(anonymous_1)
FNDA:1,(anonymous_2)
FNDA:1,(anonymous_3)
DA:2,1
DA:3,1
DA:5,1
DA:6,1
DA:7,1
DA:12,1
DA:17,1
DA:20,1
DA:21,1
DA:22,1
LF:10
LH:10
BRF:0
BRH:0
end_of_record
TN:
SF:/Users/conduct16/Projects/javascript-algorithms/assets/arrays/questions/single_riffle_shuffle/single_riffle_shuffle.js
FN:68,isSingleRiffle
FNF:1
FNH:1
FNDA:2,isSingleRiffle
DA:69,2
DA:70,2
DA:71,2
DA:72,2
DA:74,2
DA:75,53
DA:78,53
DA:79,26
DA:82,27
DA:83,26
DA:88,1
DA:93,1
LF:12
LH:12
BRDA:78,0,0,26
BRDA:78,0,1,27
BRDA:78,1,0,53
BRDA:78,1,1,27
BRDA:82,2,0,26
BRDA:82,2,1,1
BRDA:82,3,0,27
BRDA:82,3,1,27
BRF:8
BRH:8
end_of_record
TN:
SF:/Users/conduct16/Projects/javascript-algorithms/assets/arrays/questions/single_riffle_shuffle/test/single_riffle_shuffle.spec.js
FN:5,(anonymous_1)
FN:6,shuffle
FN:26,riffle
FN:54,(anonymous_4)
FN:58,(anonymous_5)
FNF:5
FNH:5
FNDA:1,(anonymous_1)
FNDA:2,shuffle
FNDA:1,riffle
FNDA:1,(anonymous_4)
FNDA:1,(anonymous_5)
DA:2,1
DA:3,1
DA:5,1
DA:7,2
DA:8,2
DA:9,2
DA:12,2
DA:14,78
DA:15,78
DA:18,78
DA:19,78
DA:20,78
DA:23,2
DA:27,1
DA:28,1
DA:29,1
DA:31,1
DA:32,52
DA:33,26
DA:35,26
DA:38,1
DA:41,1
DA:42,1
DA:44,1
DA:45,1
DA:46,4
DA:47,52
DA:51,1
DA:52,1
DA:54,1
DA:55,1
DA:58,1
DA:59,1
LF:33
LH:33
BRDA:32,0,0,26
BRDA:32,0,1,26
BRF:2
BRH:2
end_of_record
TN:
SF:/Users/conduct16/Projects/javascript-algorithms/assets/arrays/questions/two_sum/two_sum.js
FN:38,twoSumBrute
FN:74,twoSumMap
FNF:2
FNH:2
FNDA:4,twoSumBrute
FNDA:4,twoSumMap
DA:39,4
DA:42,4
DA:43,10
DA:44,19
DA:45,3
DA:50,4
DA:75,4
DA:77,4
DA:78,12
DA:79,12
DA:80,3
DA:83,9
DA:86,1
LF:13
LH:13
BRDA:44,0,0,3
BRDA:44,0,1,16
BRDA:79,1,0,3
BRDA:79,1,1,9
BRDA:79,2,0,12
BRDA:79,2,1,3
BRF:6
BRH:6
end_of_record
TN:
SF:/Users/conduct16/Projects/javascript-algorithms/assets/arrays/questions/two_sum/test/two_sum.spec.js
FN:6,(anonymous_0)
FN:7,(anonymous_1)
FN:13,(anonymous_2)
FN:19,(anonymous_3)
FN:20,(anonymous_4)
FN:26,(anonymous_5)
FNF:6
FNH:6
FNDA:1,(anonymous_0)
FNDA:1,(anonymous_1)
FNDA:1,(anonymous_2)
FNDA:1,(anonymous_3)
FNDA:1,(anonymous_4)
FNDA:1,(anonymous_5)
DA:2,1
DA:3,1
DA:6,1
DA:7,1
DA:8,1
DA:9,1
DA:10,1
DA:13,1
DA:14,1
DA:19,1
DA:20,1
DA:21,1
DA:22,1
DA:23,1
DA:26,1
DA:27,1
LF:16
LH:16
BRF:0
BRH:0
end_of_record
TN:
SF:/Users/conduct16/Projects/javascript-algorithms/assets/arrays/questions/zero_matrix/zero_matrix.js
FN:33,zeroMatrix
FN:36,(anonymous_1)
FN:37,(anonymous_2)
FN:43,(anonymous_3)
FN:48,(anonymous_4)
FNF:5
FNH:5
FNDA:2,zeroMatrix
FNDA:6,(anonymous_1)
FNDA:20,(anonymous_2)
FNDA:1,(anonymous_3)
FNDA:4,(anonymous_4)
DA:35,2
DA:36,2
DA:37,6
DA:38,20
DA:43,2
DA:45,1
DA:48,1
DA:49,4
DA:53,2
LF:9
LH:9
BRDA:38,0,0,1
BRDA:38,0,1,19
BRF:2
BRH:2
end_of_record
TN:
SF:/Users/conduct16/Projects/javascript-algorithms/assets/arrays/questions/zero_matrix/test/zero_matrix.spec.js
FN:5,(anonymous_1)
FN:6,(anonymous_2)
FN:20,(anonymous_3)
FNF:3
FNH:3
FNDA:1,(anonymous_1)
FNDA:1,(anonymous_2)
FNDA:1,(anonymous_3)
DA:2,1
DA:3,1
DA:5,1
DA:6,1
DA:7,1
DA:12,1
DA:17,1
DA:20,1
DA:21,1
DA:24,1
LF:10
LH:10
BRF:0
BRH:0
end_of_record
TN:
SF:/Users/conduct16/Projects/javascript-algorithms/assets/bit_manipulation/algorithms/clear_bit/clear_bit.js
FN:48,clearBit
FNF:1
FNH:1
FNDA:1,clearBit
DA:49,1
DA:50,1
LF:2
LH:2
BRF:0
BRH:0
end_of_record
TN:
SF:/Users/conduct16/Projects/javascript-algorithms/assets/bit_manipulation/algorithms/clear_bit/test/clear_bit.spec.js
FN:5,(anonymous_1)
FN:8,(anonymous_2)
FNF:2
FNH:2
FNDA:1,(anonymous_1)
FNDA:1,(anonymous_2)
DA:2,1
DA:3,1
DA:5,1
DA:8,1
DA:9,1
LF:5
LH:5
BRF:0
BRH:0
end_of_record
TN:
SF:/Users/conduct16/Projects/javascript-algorithms/assets/bit_manipulation/algorithms/get_bit/get_bit.js
FN:42,getBit
FNF:1
FNH:1
FNDA:2,getBit
DA:43,2
LF:1
LH:1
BRF:0
BRH:0
end_of_record
TN:
SF:/Users/conduct16/Projects/javascript-algorithms/assets/bit_manipulation/algorithms/get_bit/test/get_bit.spec.js
FN:5,(anonymous_1)
FN:6,(anonymous_2)
FNF:2
FNH:2
FNDA:1,(anonymous_1)
FNDA:1,(anonymous_2)
DA:2,1
DA:3,1
DA:5,1
DA:6,1
DA:7,1
DA:8,1
LF:6
LH:6
BRF:0
BRH:0
end_of_record
TN:
SF:/Users/conduct16/Projects/javascript-algorithms/assets/bit_manipulation/algorithms/set_bit/set_bit.js
FN:45,setBit
FNF:1
FNH:1
FNDA:1,setBit
DA:46,1
LF:1
LH:1
BRF:0
BRH:0
end_of_record
TN:
SF:/Users/conduct16/Projects/javascript-algorithms/assets/bit_manipulation/algorithms/set_bit/test/set_bit.spec.js
FN:5,(anonymous_1)
FN:6,(anonymous_2)
FNF:2
FNH:2
FNDA:1,(anonymous_1)
FNDA:1,(anonymous_2)
DA:2,1
DA:3,1
DA:5,1
DA:6,1
DA:7,1
LF:5
LH:5
BRF:0
BRH:0
end_of_record
TN:
SF:/Users/conduct16/Projects/javascript-algorithms/assets/bit_manipulation/algorithms/update_bit/update_bit.js
FN:45,updateBit
FNF:1
FNH:1
FNDA:2,updateBit
DA:46,2
DA:47,2
DA:48,2
LF:3
LH:3
BRDA:46,0,0,1
BRDA:46,0,1,1
BRF:2
BRH:2
end_of_record
TN:
SF:/Users/conduct16/Projects/javascript-algorithms/assets/bit_manipulation/algorithms/update_bit/test/update_bit.spec.js
FN:5,(anonymous_1)
FN:6,(anonymous_2)
FNF:2
FNH:2
FNDA:1,(anonymous_1)
FNDA:1,(anonymous_2)
DA:2,1
DA:3,1
DA:5,1
DA:6,1
DA:7,1
DA:8,1
LF:6
LH:6
BRF:0
BRH:0
end_of_record
TN:
SF:/Users/conduct16/Projects/javascript-algorithms/assets/bit_manipulation/questions/conversion/conversion.js
FN:30,conversion
FNF:1
FNH:1
FNDA:4,conversion
DA:31,4
DA:33,4
DA:34,13
DA:37,4
LF:4
LH:4
BRF:0
BRH:0
end_of_record
TN:
SF:/Users/conduct16/Projects/javascript-algorithms/assets/bit_manipulation/questions/conversion/test/conversion.spec.js
FN:5,(anonymous_1)
FN:6,(anonymous_2)
FNF:2
FNH:2
FNDA:1,(anonymous_1)
FNDA:1,(anonymous_2)
DA:2,1
DA:3,1
DA:5,1
DA:6,1
DA:7,1
DA:8,1
DA:9,1
DA:10,1
LF:8
LH:8
BRF:0
BRH:0
end_of_record
TN:
SF:/Users/conduct16/Projects/javascript-algorithms/assets/bit_manipulation/questions/counting_bits/counting_bits.js
FN:88,countingBits
FNF:1
FNH:1
FNDA:2,countingBits
DA:89,2
DA:91,2
DA:92,5
DA:95,2
LF:4
LH:4
BRF:0
BRH:0
end_of_record
TN:
SF:/Users/conduct16/Projects/javascript-algorithms/assets/bit_manipulation/questions/counting_bits/test/counting_bits.spec.js
FN:5,(anonymous_1)
FN:6,(anonymous_2)
FNF:2
FNH:2
FNDA:1,(anonymous_1)
FNDA:1,(anonymous_2)
DA:2,1
DA:3,1
DA:5,1
DA:6,1
DA:7,1
DA:8,1
LF:6
LH:6
BRF:0
BRH:0
end_of_record
TN:
SF:/Users/conduct16/Projects/javascript-algorithms/assets/bit_manipulation/questions/find_difference/find_difference.js
FN:99,findDifference
FNF:1
FNH:1
FNDA:3,findDifference
DA:102,3
DA:105,3
DA:106,9
DA:110,3
LF:4
LH:4
BRF:0
BRH:0
end_of_record
TN:
SF:/Users/conduct16/Projects/javascript-algorithms/assets/bit_manipulation/questions/find_difference/test/find_difference.spec.js
FN:5,(anonymous_1)
FN:6,(anonymous_2)
FNF:2
FNH:2
FNDA:1,(anonymous_1)
FNDA:1,(anonymous_2)
DA:2,1
DA:3,1
DA:5,1
DA:6,1
DA:7,1
DA:8,1
DA:9,1
LF:7
LH:7
BRF:0
BRH:0
end_of_record
TN:
SF:/Users/conduct16/Projects/javascript-algorithms/assets/bit_manipulation/questions/flip_bit_to_win/flip_bit_to_win.js
FN:54,flipBitToWin
FNF:1
FNH:1
FNDA:2,flipBitToWin
DA:58,2
DA:59,2
DA:60,2
DA:62,2
DA:64,21
DA:65,14
DA:68,7
DA:70,7
DA:71,7
DA:74,21
DA:75,21
DA:78,2
LF:12
LH:12
BRDA:64,0,0,14
BRDA:64,0,1,7
BRDA:68,1,0,7
BRDA:68,1,1,0
BRDA:70,2,0,3
BRDA:70,2,1,4
BRF:6
BRH:5
end_of_record
TN:
SF:/Users/conduct16/Projects/javascript-algorithms/assets/bit_manipulation/questions/flip_bit_to_win/test/flip_bit_to_win.spec.js
FN:5,(anonymous_1)
FN:6,(anonymous_2)
FNF:2
FNH:2
FNDA:1,(anonymous_1)
FNDA:1,(anonymous_2)
DA:2,1
DA:3,1
DA:5,1
DA:6,1
DA:7,1
DA:8,1
LF:6
LH:6
BRF:0
BRH:0
end_of_record
TN:
SF:/Users/conduct16/Projects/javascript-algorithms/assets/bit_manipulation/questions/hamming_weight/hamming_weight.js
FN:63,hammingWeight
FN:109,hammingWeightFlip
FNF:2
FNH:2
FNDA:4,hammingWeight
FNDA:1,hammingWeightFlip
DA:64,4
DA:68,4
DA:69,7
DA:70,7
DA:73,4
DA:110,1
DA:111,1
DA:114,1
DA:116,32
DA:117,3
DA:121,32
DA:124,1
LF:12
LH:12
BRDA:116,0,0,3
BRDA:116,0,1,29
BRF:2
BRH:2
end_of_record
TN:
SF:/Users/conduct16/Projects/javascript-algorithms/assets/bit_manipulation/questions/hamming_weight/test/hamming_weight.spec.js
FN:5,(anonymous_0)
FN:6,(anonymous_1)
FN:13,(anonymous_2)
FN:14,(anonymous_3)
FNF:4
FNH:4
FNDA:1,(anonymous_0)
FNDA:1,(anonymous_1)
FNDA:1,(anonymous_2)
FNDA:1,(anonymous_3)
DA:2,1
DA:3,1
DA:5,1
DA:6,1
DA:7,1
DA:8,1
DA:9,1
DA:13,1
DA:14,1
DA:15,1
DA:16,1
LF:11
LH:11
BRF:0
BRH:0
end_of_record
TN:
SF:/Users/conduct16/Projects/javascript-algorithms/assets/bit_manipulation/questions/insertion/insertion.js
FN:46,insertion
FNF:1
FNH:1
FNDA:2,insertion
DA:47,2
DA:48,2
DA:49,2
DA:50,2
DA:52,2
DA:53,2
DA:56,2
LF:7
LH:7
BRF:0
BRH:0
end_of_record
TN:
SF:/Users/conduct16/Projects/javascript-algorithms/assets/bit_manipulation/questions/insertion/test/insertion.spec.js
FN:5,(anonymous_1)
FN:6,(anonymous_2)
FNF:2
FNH:2
FNDA:1,(anonymous_1)
FNDA:1,(anonymous_2)
DA:2,1
DA:3,1
DA:5,1
DA:6,1
DA:7,1
DA:8,1
LF:6
LH:6
BRF:0
BRH:0
end_of_record
TN:
SF:/Users/conduct16/Projects/javascript-algorithms/assets/bit_manipulation/questions/majority_element/majority_element.js
FN:34,majorityBit
FN:87,majorityMooreVoting
FN:127,majorityHash
FN:165,majoritySort
FNF:4
FNH:4
FNDA:2,majorityBit
FNDA:3,majorityMooreVoting
FNDA:2,majorityHash
FNDA:2,majoritySort
DA:35,2
DA:38,2
DA:39,64
DA:42,64
DA:43,477
DA:45,477
DA:46,3
DA:47,3
DA:52,2
DA:88,3
DA:89,3
DA:91,3
DA:92,20
DA:94,20
DA:95,14
DA:97,6
DA:101,3
DA:128,2
DA:130,2
DA:131,15
DA:132,15
DA:135,0
DA:166,2
DA:167,2
LF:24
LH:23
BRDA:43,0,0,19
BRDA:43,0,1,458
BRDA:45,1,0,3
BRDA:45,1,1,474
BRDA:92,2,0,8
BRDA:92,2,1,12
BRDA:94,3,0,14
BRDA:94,3,1,6
BRDA:131,4,0,15
BRDA:131,4,1,8
BRDA:132,5,0,2
BRDA:132,5,1,13
BRF:12
BRH:12
end_of_record
TN:
SF:/Users/conduct16/Projects/javascript-algorithms/assets/bit_manipulation/questions/majority_element/test/majority_element.spec.js
FN:5,(anonymous_0)
FN:6,(anonymous_1)
FN:12,(anonymous_2)
FN:13,(anonymous_3)
FN:19,(anonymous_4)
FN:20,(anonymous_5)
FN:26,(anonymous_6)
FN:27,(anonymous_7)
FNF:8
FNH:8
FNDA:1,(anonymous_0)
FNDA:1,(anonymous_1)
FNDA:1,(anonymous_2)
FNDA:1,(anonymous_3)
FNDA:1,(anonymous_4)
FNDA:1,(anonymous_5)
FNDA:1,(anonymous_6)
FNDA:1,(anonymous_7)
DA:2,1
DA:3,1
DA:5,1
DA:6,1
DA:7,1
DA:8,1
DA:12,1
DA:13,1
DA:14,1
DA:15,1
DA:19,1
DA:20,1
DA:21,1
DA:22,1
DA:26,1
DA:27,1
DA:28,1
DA:29,1
DA:30,1
LF:19
LH:19
BRF:0
BRH:0
end_of_record
TN:
SF:/Users/conduct16/Projects/javascript-algorithms/assets/bit_manipulation/questions/pairwise_swap/pairwise_swap.js
FN:39,pairwiseSwap
FNF:1
FNH:1
FNDA:3,pairwiseSwap
DA:40,3
LF:1
LH:1
BRF:0
BRH:0
end_of_record
TN:
SF:/Users/conduct16/Projects/javascript-algorithms/assets/bit_manipulation/questions/pairwise_swap/test/pairwise_swap.spec.js
FN:5,(anonymous_1)
FN:6,(anonymous_2)
FNF:2
FNH:2
FNDA:1,(anonymous_1)
FNDA:1,(anonymous_2)
DA:2,1
DA:3,1
DA:5,1
DA:6,1
DA:7,1
DA:8,1
DA:9,1
LF:7
LH:7
BRF:0
BRH:0
end_of_record
TN:
SF:/Users/conduct16/Projects/javascript-algorithms/assets/bit_manipulation/questions/power_of_two/power_of_two.js
FN:75,powerOfTwo
FNF:1
FNH:1
FNDA:6,powerOfTwo
DA:76,6
LF:1
LH:1
BRDA:76,0,0,2
BRDA:76,0,1,4
BRF:2
BRH:2
end_of_record
TN:
SF:/Users/conduct16/Projects/javascript-algorithms/assets/bit_manipulation/questions/power_of_two/test/power_of_two.spec.js
FN:5,(anonymous_1)
FN:6,(anonymous_2)
FN:12,(anonymous_3)
FNF:3
FNH:3
FNDA:1,(anonymous_1)
FNDA:1,(anonymous_2)
FNDA:1,(anonymous_3)
DA:2,1
DA:3,1
DA:5,1
DA:6,1
DA:7,1
DA:8,1
DA:9,1
DA:12,1
DA:13,1
DA:14,1
DA:15,1
LF:11
LH:11
BRF:0
BRH:0
end_of_record
TN:
SF:/Users/conduct16/Projects/javascript-algorithms/assets/bit_manipulation/questions/reverse_bits/reverse_bits.js
FN:72,reverseBits
FNF:1
FNH:1
FNDA:1,reverseBits
DA:73,1
DA:75,1
DA:76,32
DA:77,32
DA:78,32
DA:81,1
LF:6
LH:6
BRF:0
BRH:0
end_of_record
TN:
SF:/Users/conduct16/Projects/javascript-algorithms/assets/bit_manipulation/questions/reverse_bits/test/reverse_bits.spec.js
FN:5,(anonymous_1)
FN:6,(anonymous_2)
FNF:2
FNH:2
FNDA:1,(anonymous_1)
FNDA:1,(anonymous_2)
DA:2,1
DA:3,1
DA:5,1
DA:6,1
DA:7,1
LF:5
LH:5
BRF:0
BRH:0
end_of_record
TN:
SF:/Users/conduct16/Projects/javascript-algorithms/assets/bit_manipulation/questions/single_number/single_number.js
FN:75,singleNumber
FNF:1
FNH:1
FNDA:5,singleNumber
DA:76,5
DA:79,5
DA:80,26
DA:83,5
LF:4
LH:4
BRF:0
BRH:0
end_of_record
TN:
SF:/Users/conduct16/Projects/javascript-algorithms/assets/bit_manipulation/questions/single_number/test/single_number.spec.js
FN:5,(anonymous_1)
FN:6,(anonymous_2)
FNF:2
FNH:2
FNDA:1,(anonymous_1)
FNDA:1,(anonymous_2)
DA:2,1
DA:3,1
DA:5,1
DA:6,1
DA:7,1
DA:8,1
DA:9,1
DA:10,1
DA:11,1
LF:9
LH:9
BRF:0
BRH:0
end_of_record
TN:
SF:/Users/conduct16/Projects/javascript-algorithms/assets/bit_manipulation/questions/stolen_breakfast_drone/stolen_breakfast_drone.js
FN:62,findUniqueDeliveryId
FN:65,(anonymous_1)
FNF:2
FNH:2
FNDA:1,findUniqueDeliveryId
FNDA:11,(anonymous_1)
DA:63,1
DA:65,1
DA:66,11
DA:69,1
LF:4
LH:4
BRF:0
BRH:0
end_of_record
TN:
SF:/Users/conduct16/Projects/javascript-algorithms/assets/bit_manipulation/questions/stolen_breakfast_drone/test/stolen_breakfast_drone.spec.js
FN:5,(anonymous_1)
FN:6,(anonymous_2)
FNF:2
FNH:2
FNDA:1,(anonymous_1)
FNDA:1,(anonymous_2)
DA:2,1
DA:3,1
DA:5,1
DA:6,1
DA:7,1
DA:8,1
LF:6
LH:6
BRF:0
BRH:0
end_of_record
TN:
SF:/Users/conduct16/Projects/javascript-algorithms/assets/design/questions/temperature_tracker/temperature_tracker.js
FN:73,TempTracker
FNF:1
FNH:1
FNDA:1,TempTracker
DA:73,1
DA:75,1
DA:76,1
DA:79,1
DA:80,1
DA:81,1
DA:84,1
DA:85,1
DA:86,111
DA:88,1
DA:89,1
DA:94,10
DA:95,2
DA:99,8
DA:100,2
DA:103,8
DA:104,4
DA:108,8
DA:109,8
DA:110,8
DA:113,8
DA:114,8
DA:115,2
DA:116,2
DA:121,1
DA:125,1
DA:129,1
DA:133,1
LF:28
LH:28
BRDA:94,0,0,2
BRDA:94,0,1,8
BRDA:94,1,0,10
BRDA:94,1,1,9
BRDA:99,2,0,2
BRDA:99,2,1,6
BRDA:99,3,0,8
BRDA:99,3,1,7
BRDA:103,4,0,4
BRDA:103,4,1,4
BRDA:103,5,0,8
BRDA:103,5,1,7
BRDA:114,6,0,2
BRDA:114,6,1,6
BRF:14
BRH:14
end_of_record
TN:
SF:/Users/conduct16/Projects/javascript-algorithms/assets/design/questions/temperature_tracker/test/temperature_tracker.spec.js
FN:5,(anonymous_1)
FN:17,(anonymous_2)
FN:21,(anonymous_3)
FN:25,(anonymous_4)
FN:29,(anonymous_5)
FN:33,(anonymous_6)
FN:34,(anonymous_7)
FN:35,(anonymous_8)
FNF:8
FNH:8
FNDA:1,(anonymous_1)
FNDA:1,(anonymous_2)
FNDA:1,(anonymous_3)
FNDA:1,(anonymous_4)
FNDA:1,(anonymous_5)
FNDA:1,(anonymous_6)
FNDA:1,(anonymous_7)
FNDA:1,(anonymous_8)
DA:2,1
DA:3,1
DA:5,1
DA:6,1
DA:8,1
DA:9,1
DA:10,1
DA:11,1
DA:12,1
DA:13,1
DA:14,1
DA:15,1
DA:17,1
DA:18,1
DA:21,1
DA:22,1
DA:25,1
DA:26,1
DA:29,1
DA:30,1
DA:33,1
DA:34,1
DA:35,1
LF:23
LH:23
BRF:0
BRH:0
end_of_record
TN:
SF:/Users/conduct16/Projects/javascript-algorithms/assets/design/questions/word_cloud_data/word_cloud_data.js
FN:102,WordCloudData
FNF:1
FNH:1
FNDA:1,WordCloudData
DA:102,1
DA:103,1
DA:104,1
DA:110,1
DA:111,1
DA:112,493
DA:116,493
DA:117,1
DA:118,1
DA:122,492
DA:123,79
DA:124,79
DA:128,413
DA:129,2
DA:130,0
DA:131,0
DA:135,411
DA:136,400
DA:140,11
DA:141,0
DA:142,0
DA:149,77
DA:152,77
DA:153,21
DA:154,21
DA:159,56
DA:160,0
DA:161,0
DA:166,56
DA:167,2
DA:168,2
DA:169,2
DA:174,54
DA:179,412
DA:183,60
LF:35
LH:29
BRDA:116,0,0,1
BRDA:116,0,1,492
BRDA:117,1,0,0
BRDA:117,1,1,1
BRDA:118,2,0,1
BRDA:118,2,1,0
BRDA:122,3,0,79
BRDA:122,3,1,413
BRDA:122,4,0,492
BRDA:122,4,1,413
BRDA:123,5,0,76
BRDA:123,5,1,3
BRDA:128,6,0,2
BRDA:128,6,1,411
BRDA:129,7,0,0
BRDA:129,7,1,2
BRDA:129,8,0,2
BRDA:129,8,1,2
BRDA:130,9,0,0
BRDA:130,9,1,0
BRDA:135,10,0,400
BRDA:135,10,1,11
BRDA:135,11,0,411
BRDA:135,11,1,11
BRDA:140,12,0,0
BRDA:140,12,1,11
BRDA:141,13,0,0
BRDA:141,13,1,0
BRDA:141,14,0,0
BRDA:141,14,1,0
BRDA:141,14,2,0
BRDA:152,15,0,21
BRDA:152,15,1,56
BRDA:159,16,0,0
BRDA:159,16,1,56
BRDA:166,17,0,2
BRDA:166,17,1,54
BRF:37
BRH:25
end_of_record
TN:
SF:/Users/conduct16/Projects/javascript-algorithms/assets/design/questions/word_cloud_data/test/word_cloud_data.spec.js
FN:5,(anonymous_1)
FN:6,(anonymous_2)
FNF:2
FNH:2
FNDA:1,(anonymous_1)
FNDA:1,(anonymous_2)
DA:2,1
DA:3,1
DA:5,1
DA:6,1
DA:7,1
DA:8,1
DA:9,1
DA:10,1
DA:11,1
LF:9
LH:9
BRF:0
BRH:0
end_of_record
TN:
SF:/Users/conduct16/Projects/javascript-algorithms/assets/dynamic_programming/questions/cake_thief/cake_thief.js
FN:152,maxDuffelBagValue
FN:152,_loop
FN:161,(anonymous_2)
FNF:3
FNH:3
FNDA:2,maxDuffelBagValue
FNDA:28,_loop
FNDA:77,(anonymous_2)
DA:152,2
DA:154,2
DA:157,28
DA:158,28
DA:161,28
DA:163,77
DA:166,60
DA:171,28
DA:175,2
LF:9
LH:9
BRDA:163,0,0,60
BRDA:163,0,1,17
BRF:2
BRH:2
end_of_record
TN:
SF:/Users/conduct16/Projects/javascript-algorithms/assets/dynamic_programming/questions/cake_thief/test/cake_thief.spec.js
FN:5,(anonymous_1)
FN:6,(anonymous_2)
FNF:2
FNH:2
FNDA:1,(anonymous_1)
FNDA:1,(anonymous_2)
DA:2,1
DA:3,1
DA:5,1
DA:6,1
DA:7,1
DA:12,1
DA:17,1
DA:18,1
LF:8
LH:8
BRF:0
BRH:0
end_of_record
TN:
SF:/Users/conduct16/Projects/javascript-algorithms/assets/dynamic_programming/questions/coin_change/coin_change.js
FN:70,coinChange
FNF:1
FNH:1
FNDA:1,coinChange
DA:72,1
DA:73,1
DA:74,5
DA:76,1
DA:78,1
DA:79,3
DA:80,3
DA:81,9
DA:82,9
DA:86,1
LF:10
LH:10
BRF:0
BRH:0
end_of_record
TN:
SF:/Users/conduct16/Projects/javascript-algorithms/assets/dynamic_programming/questions/coin_change/test/coin_change.spec.js
FN:5,(anonymous_1)
FN:6,(anonymous_2)
FNF:2
FNH:2
FNDA:1,(anonymous_1)
FNDA:1,(anonymous_2)
DA:2,1
DA:3,1
DA:5,1
DA:6,1
DA:7,1
LF:5
LH:5
BRF:0
BRH:0
end_of_record
TN:
SF:/Users/conduct16/Projects/javascript-algorithms/assets/dynamic_programming/questions/house_robber/house_robber.js
FN:81,robHomes
FN:85,(anonymous_1)
FNF:2
FNH:2
FNDA:4,robHomes
FNDA:16,(anonymous_1)
DA:82,4
DA:83,4
DA:85,4
DA:86,16
DA:87,16
DA:88,16
DA:91,4
LF:7
LH:7
BRF:0
BRH:0
end_of_record
TN:
SF:/Users/conduct16/Projects/javascript-algorithms/assets/dynamic_programming/questions/house_robber/test/house_robber.spec.js
FN:5,(anonymous_1)
FN:6,(anonymous_2)
FNF:2
FNH:2
FNDA:1,(anonymous_1)
FNDA:1,(anonymous_2)
DA:2,1
DA:3,1
DA:5,1
DA:6,1
DA:7,1
DA:8,1
DA:9,1
DA:10,1
LF:8
LH:8
BRF:0
BRH:0
end_of_record
TN:
SF:/Users/conduct16/Projects/javascript-algorithms/assets/dynamic_programming/questions/longest_common_subsequence/longest_common_subsequence.js
FN:113,longestCommonSub
FNF:1
FNH:1
FNDA:2,longestCommonSub
DA:114,2
DA:115,2
DA:116,2
DA:119,2
DA:120,2
DA:121,13
DA:124,2
DA:125,11
DA:126,60
DA:127,7
DA:129,53
DA:132,60
DA:136,2
LF:13
LH:13
BRDA:126,0,0,7
BRDA:126,0,1,53
BRF:2
BRH:2
end_of_record
TN:
SF:/Users/conduct16/Projects/javascript-algorithms/assets/dynamic_programming/questions/longest_common_subsequence/test/longest_common_subsequence.spec.js
FN:5,(anonymous_1)
FN:6,(anonymous_2)
FNF:2
FNH:2
FNDA:1,(anonymous_1)
FNDA:1,(anonymous_2)
DA:2,1
DA:3,1
DA:5,1
DA:6,1
DA:8,1
DA:11,1
LF:6
LH:6
BRF:0
BRH:0
end_of_record
TN:
SF:/Users/conduct16/Projects/javascript-algorithms/assets/dynamic_programming/questions/longest_common_substring/longest_common_substring.js
FN:88,longestCommonSubStr
FNF:1
FNH:1
FNDA:3,longestCommonSubStr
DA:89,3
DA:90,3
DA:91,3
DA:94,3
DA:95,3
DA:96,20
DA:100,3
DA:101,17
DA:103,94
DA:104,6
DA:105,6
DA:110,3
LF:12
LH:12
BRDA:103,0,0,6
BRDA:103,0,1,88
BRF:2
BRH:2
end_of_record
TN:
SF:/Users/conduct16/Projects/javascript-algorithms/assets/dynamic_programming/questions/longest_common_substring/test/longest_common_substring.spec.js
FN:5,(anonymous_1)
FN:6,(anonymous_2)
FNF:2
FNH:2
FNDA:1,(anonymous_1)
FNDA:1,(anonymous_2)
DA:2,1
DA:3,1
DA:5,1
DA:6,1
DA:8,1
DA:11,1
DA:14,1
LF:7
LH:7
BRF:0
BRH:0
end_of_record
TN:
SF:/Users/conduct16/Projects/javascript-algorithms/assets/dynamic_programming/questions/longest_increasing_subsequence/longest_increasing_subsequence.js
FN:98,longestIncreasingSub
FNF:1
FNH:1
FNDA:2,longestIncreasingSub
DA:99,2
DA:102,2
DA:103,2
DA:106,2
DA:107,10
DA:108,31
DA:109,17
DA:114,10
DA:117,2
LF:9
LH:9
BRDA:99,0,0,0
BRDA:99,0,1,2
BRDA:108,1,0,17
BRDA:108,1,1,14
BRF:4
BRH:3
end_of_record
TN:
SF:/Users/conduct16/Projects/javascript-algorithms/assets/dynamic_programming/questions/longest_increasing_subsequence/test/longest_increasing_subsequence.spec.js
FN:5,(anonymous_1)
FN:6,(anonymous_2)
FNF:2
FNH:2
FNDA:1,(anonymous_1)
FNDA:1,(anonymous_2)
DA:2,1
DA:3,1
DA:5,1
DA:6,1
DA:8,1
DA:11,1
LF:6
LH:6
BRF:0
BRH:0
end_of_record
TN:
SF:/Users/conduct16/Projects/javascript-algorithms/assets/dynamic_programming/questions/minimum_edit_distance/minimum_edit_distance.js
FN:80,minEditDistance
FN:91,(anonymous_1)
FN:95,(anonymous_2)
FNF:3
FNH:3
FNDA:5,minEditDistance
FNDA:17,(anonymous_1)
FNDA:17,(anonymous_2)
DA:81,5
DA:82,5
DA:85,5
DA:86,5
DA:87,17
DA:91,5
DA:92,17
DA:95,5
DA:96,17
DA:100,5
DA:101,12
DA:103,41
DA:104,9
DA:108,32
DA:114,5
LF:15
LH:15
BRDA:103,0,0,9
BRDA:103,0,1,32
BRF:2
BRH:2
end_of_record
TN:
SF:/Users/conduct16/Projects/javascript-algorithms/assets/dynamic_programming/questions/minimum_edit_distance/test/minimum_edit_distance.spec.js
FN:5,(anonymous_1)
FN:6,(anonymous_2)
FNF:2
FNH:2
FNDA:1,(anonymous_1)
FNDA:1,(anonymous_2)
DA:2,1
DA:3,1
DA:5,1
DA:6,1
DA:7,1
DA:8,1
DA:9,1
DA:10,1
DA:11,1
LF:9
LH:9
BRF:0
BRH:0
end_of_record
TN:
SF:/Users/conduct16/Projects/javascript-algorithms/assets/dynamic_programming/questions/subset_sum/subset_sum.js
FN:110,subsetSum
FNF:1
FNH:1
FNDA:4,subsetSum
DA:110,28
DA:111,4
DA:112,4
DA:115,4
DA:116,4
DA:117,24
DA:121,24
DA:122,24
DA:126,4
DA:127,20
DA:129,155
DA:130,73
DA:134,82
DA:140,4
LF:14
LH:14
BRDA:110,0,0,4
BRDA:110,0,1,8
BRDA:129,1,0,73
BRDA:129,1,1,82
BRDA:134,2,0,82
BRDA:134,2,1,71
BRF:6
BRH:6
end_of_record
TN:
SF:/Users/conduct16/Projects/javascript-algorithms/assets/dynamic_programming/questions/subset_sum/test/subset_sum.spec.js
FN:5,(anonymous_1)
FN:6,(anonymous_2)
FN:11,(anonymous_3)
FNF:3
FNH:3
FNDA:1,(anonymous_1)
FNDA:1,(anonymous_2)
FNDA:1,(anonymous_3)
DA:2,1
DA:3,1
DA:5,1
DA:6,1
DA:7,1
DA:8,1
DA:11,1
DA:12,1
DA:13,1
LF:9
LH:9
BRF:0
BRH:0
end_of_record
TN:
SF:/Users/conduct16/Projects/javascript-algorithms/assets/dynamic_programming/questions/total_ways_in_matrix/total_ways_in_matrix.js
FN:73,totalWays
FN:83,(anonymous_1)
FNF:2
FNH:2
FNDA:2,totalWays
FNDA:6,(anonymous_1)
DA:75,2
DA:76,2
DA:77,6
DA:82,2
DA:83,2
DA:84,6
DA:88,2
DA:89,4
DA:90,10
DA:95,2
LF:10
LH:10
BRF:0
BRH:0
end_of_record
TN:
SF:/Users/conduct16/Projects/javascript-algorithms/assets/dynamic_programming/questions/total_ways_in_matrix/test/total_ways_in_matrix.spec.js
FN:5,(anonymous_1)
FN:6,(anonymous_2)
FNF:2
FNH:2
FNDA:1,(anonymous_1)
FNDA:1,(anonymous_2)
DA:2,1
DA:3,1
DA:5,1
DA:6,1
DA:7,1
DA:12,1
DA:14,1
DA:17,1
LF:8
LH:8
BRF:0
BRH:0
end_of_record
TN:
SF:/Users/conduct16/Projects/javascript-algorithms/assets/dynamic_programming/questions/wiggle_sequence/wiggle_sequence.js
FN:87,maxWiggle
FN:136,maxWiggleGreedy
FNF:2
FNH:2
FNDA:6,maxWiggle
FNDA:6,maxWiggleGreedy
DA:89,6
DA:91,5
DA:92,5
DA:94,5
DA:96,26
DA:97,17
DA:100,9
DA:101,7
DA:106,5
DA:138,6
DA:141,5
DA:142,5
DA:145,5
DA:146,21
DA:147,21
DA:148,10
DA:149,10
DA:153,5
LF:18
LH:18
BRDA:89,0,0,1
BRDA:89,0,1,5
BRDA:96,1,0,17
BRDA:96,1,1,9
BRDA:100,2,0,7
BRDA:100,2,1,2
BRDA:138,3,0,1
BRDA:138,3,1,5
BRDA:142,4,0,4
BRDA:142,4,1,1
BRDA:147,5,0,10
BRDA:147,5,1,11
BRDA:147,6,0,21
BRDA:147,6,1,13
BRDA:147,6,2,17
BRDA:147,6,3,7
BRF:16
BRH:16
end_of_record
TN:
SF:/Users/conduct16/Projects/javascript-algorithms/assets/dynamic_programming/questions/wiggle_sequence/test/wiggle_sequence.spec.js
FN:5,(anonymous_0)
FN:6,(anonymous_1)
FN:16,(anonymous_2)
FN:17,(anonymous_3)
FNF:4
FNH:4
FNDA:1,(anonymous_0)
FNDA:1,(anonymous_1)
FNDA:1,(anonymous_2)
FNDA:1,(anonymous_3)
DA:2,1
DA:3,1
DA:5,1
DA:6,1
DA:7,1
DA:8,1
DA:9,1
DA:10,1
DA:11,1
DA:12,1
DA:16,1
DA:17,1
DA:18,1
DA:19,1
DA:20,1
DA:21,1
DA:22,1
DA:23,1
LF:18
LH:18
BRF:0
BRH:0
end_of_record
TN:
SF:/Users/conduct16/Projects/javascript-algorithms/assets/graphs/algorithms/_dijkstra/dijkstra.js
FN:144,singleSource
FN:145,(anonymous_2)
FN:158,(anonymous_3)
FN:144,_loop
FN:170,(anonymous_5)
FN:189,(anonymous_6)
FNF:6
FNH:6
FNDA:1,singleSource
FNDA:11,(anonymous_2)
FNDA:4,(anonymous_3)
FNDA:6,_loop
FNDA:6,(anonymous_5)
FNDA:4,(anonymous_6)
DA:142,1
DA:144,6
DA:145,11
DA:146,1
DA:147,1
DA:148,1
DA:149,1
DA:151,1
DA:152,1
DA:158,1
DA:159,4
DA:160,3
DA:161,3
DA:166,6
DA:167,6
DA:168,6
DA:170,6
DA:171,6
DA:172,6
DA:174,6
DA:175,5
DA:176,5
DA:178,5
DA:179,5
DA:189,1
DA:190,4
DA:196,1
LF:27
LH:27
BRDA:159,0,0,3
BRDA:159,0,1,1
BRDA:174,1,0,5
BRDA:174,1,1,1
BRDA:178,2,0,5
BRDA:178,2,1,0
BRF:6
BRH:5
end_of_record
TN:
SF:/Users/conduct16/Projects/javascript-algorithms/assets/graphs/algorithms/_dijkstra/test/dijkstra.spec.js
FN:52,(anonymous_11)
FN:56,(anonymous_12)
FNF:2
FNH:2
FNDA:1,(anonymous_11)
FNDA:1,(anonymous_12)
DA:2,1
DA:4,1
DA:5,1
DA:9,4
DA:16,5
DA:17,5
DA:20,5
DA:21,0
DA:25,5
DA:37,1
DA:40,1
DA:41,1
DA:42,1
DA:43,1
DA:46,1
DA:47,1
DA:48,1
DA:49,1
DA:50,1
DA:52,1
DA:54,1
DA:56,1
DA:57,1
DA:58,1
DA:59,1
DA:61,1
DA:62,1
DA:64,1
DA:65,1
DA:67,1
DA:68,1
DA:70,1
DA:71,1
LF:33
LH:32
BRDA:20,0,0,0
BRDA:20,0,1,5
BRDA:20,1,0,5
BRDA:20,1,1,5
BRF:4
BRH:3
end_of_record
TN:
SF:/Users/conduct16/Projects/javascript-algorithms/assets/graphs/algorithms/bellman_ford/bellman_ford.js
FN:49,bellmanFord
FN:55,(anonymous_1)
FN:63,(anonymous_2)
FN:64,(anonymous_3)
FN:73,(anonymous_4)
FN:74,(anonymous_5)
FN:83,(anonymous_6)
FNF:7
FNH:7
FNDA:1,bellmanFord
FNDA:4,(anonymous_1)
FNDA:4,(anonymous_2)
FNDA:5,(anonymous_3)
FNDA:4,(anonymous_4)
FNDA:5,(anonymous_5)
FNDA:4,(anonymous_6)
DA:50,1
DA:51,1
DA:55,1
DA:56,4
DA:59,1
DA:63,1
DA:64,4
DA:65,5
DA:66,3
DA:73,1
DA:74,4
DA:75,5
DA:76,0
DA:83,1
DA:84,4
DA:90,1
LF:16
LH:15
BRDA:65,0,0,3
BRDA:65,0,1,2
BRDA:75,1,0,0
BRDA:75,1,1,5
BRF:4
BRH:3
end_of_record
TN:
SF:/Users/conduct16/Projects/javascript-algorithms/assets/graphs/algorithms/bellman_ford/test/bellman_ford.spec.js
FN:51,(anonymous_11)
FN:54,(anonymous_12)
FNF:2
FNH:2
FNDA:1,(anonymous_11)
FNDA:1,(anonymous_12)
DA:2,1
DA:3,1
DA:4,1
DA:8,4
DA:15,5
DA:16,5
DA:19,5
DA:20,0
DA:24,5
DA:36,1
DA:39,1
DA:40,1
DA:41,1
DA:42,1
DA:45,1
DA:46,1
DA:47,1
DA:48,1
DA:49,1
DA:51,1
DA:52,1
DA:54,1
DA:55,1
DA:57,1
DA:58,1
DA:60,1
DA:61,1
DA:63,1
DA:64,1
DA:66,1
DA:67,1
DA:69,1
DA:70,1
LF:33
LH:32
BRDA:19,0,0,0
BRDA:19,0,1,5
BRDA:19,1,0,5
BRDA:19,1,1,5
BRF:4
BRH:3
end_of_record
TN:
SF:/Users/conduct16/Projects/javascript-algorithms/assets/graphs/algorithms/binary_tree_traversal/binary_tree_traversal.js
FN:49,inOrder
FN:79,inOrderRecurse
FN:115,preOrder
FN:144,preOrderRecurse
FN:176,postOrder
FN:211,postOrderRecurse
FN:241,levelOrder
FNF:7
FNH:7
FNDA:2,inOrder
FNDA:15,inOrderRecurse
FNDA:2,preOrder
FNDA:15,preOrderRecurse
FNDA:2,postOrder
FNDA:15,postOrderRecurse
FNDA:2,levelOrder
DA:50,2
DA:51,2
DA:53,2
DA:55,28
DA:56,14
DA:57,14
DA:61,14
DA:62,14
DA:63,14
DA:64,14
DA:68,2
DA:80,15
DA:82,7
DA:83,7
DA:84,7
DA:116,2
DA:117,2
DA:118,2
DA:119,14
DA:121,14
DA:122,14
DA:124,14
DA:125,6
DA:128,14
DA:129,6
DA:133,2
DA:145,15
DA:147,7
DA:148,7
DA:149,7
DA:177,2
DA:178,2
DA:179,2
DA:181,2
DA:182,34
DA:183,14
DA:184,14
DA:186,20
DA:190,20
DA:191,6
DA:193,14
DA:194,14
DA:195,14
DA:200,2
DA:212,15
DA:214,7
DA:215,7
DA:216,7
DA:242,2
DA:243,2
DA:245,2
DA:246,14
DA:248,14
DA:249,14
DA:251,14
DA:252,6
DA:255,14
DA:256,6
DA:260,2
LF:59
LH:59
BRDA:53,0,0,30
BRDA:53,0,1,8
BRDA:55,1,0,14
BRDA:55,1,1,14
BRDA:62,2,0,7
BRDA:62,2,1,7
BRDA:80,3,0,8
BRDA:80,3,1,7
BRDA:121,4,0,7
BRDA:121,4,1,7
BRDA:124,5,0,6
BRDA:124,5,1,8
BRDA:128,6,0,6
BRDA:128,6,1,8
BRDA:145,7,0,8
BRDA:145,7,1,7
BRDA:181,8,0,36
BRDA:181,8,1,4
BRDA:182,9,0,14
BRDA:182,9,1,20
BRDA:190,10,0,6
BRDA:190,10,1,14
BRDA:190,11,0,20
BRDA:190,11,1,12
BRDA:193,12,0,7
BRDA:193,12,1,7
BRDA:212,13,0,8
BRDA:212,13,1,7
BRDA:248,14,0,7
BRDA:248,14,1,7
BRDA:251,15,0,6
BRDA:251,15,1,8
BRDA:255,16,0,6
BRDA:255,16,1,8
BRF:34
BRH:34
end_of_record
TN:
SF:/Users/conduct16/Projects/javascript-algorithms/assets/graphs/algorithms/binary_tree_traversal/test/binary_tree_traversal.spec.js
FN:14,(anonymous_1)
FN:15,(anonymous_2)
FN:38,(anonymous_3)
FN:48,(anonymous_4)
FN:49,(anonymous_5)
FN:68,(anonymous_6)
FN:69,(anonymous_7)
FN:91,(anonymous_8)
FN:101,(anonymous_9)
FN:102,(anonymous_10)
FN:121,(anonymous_11)
FN:122,(anonymous_12)
FN:144,(anonymous_13)
FN:154,(anonymous_14)
FN:155,(anonymous_15)
FN:174,(anonymous_16)
FN:175,(anonymous_17)
FN:197,(anonymous_18)
FNF:18
FNH:18
FNDA:1,(anonymous_1)
FNDA:1,(anonymous_2)
FNDA:7,(anonymous_3)
FNDA:1,(anonymous_4)
FNDA:1,(anonymous_5)
FNDA:1,(anonymous_6)
FNDA:1,(anonymous_7)
FNDA:7,(anonymous_8)
FNDA:1,(anonymous_9)
FNDA:1,(anonymous_10)
FNDA:1,(anonymous_11)
FNDA:1,(anonymous_12)
FNDA:7,(anonymous_13)
FNDA:1,(anonymous_14)
FNDA:1,(anonymous_15)
FNDA:1,(anonymous_16)
FNDA:1,(anonymous_17)
FNDA:7,(anonymous_18)
DA:2,1
DA:3,1
DA:4,1
DA:14,1
DA:15,1
DA:16,1
DA:17,1
DA:18,1
DA:19,1
DA:20,1
DA:21,1
DA:22,1
DA:23,1
DA:27,1
DA:28,1
DA:29,1
DA:30,1
DA:31,1
DA:32,1
DA:33,1
DA:34,1
DA:38,1
DA:39,7
DA:42,1
DA:43,1
DA:44,1
DA:48,1
DA:49,1
DA:50,1
DA:51,1
DA:52,1
DA:53,1
DA:54,1
DA:55,1
DA:56,1
DA:57,1
DA:59,1
DA:60,1
DA:62,1
DA:63,1
DA:64,1
DA:68,1
DA:69,1
DA:70,1
DA:71,1
DA:72,1
DA:73,1
DA:74,1
DA:75,1
DA:76,1
DA:77,1
DA:81,1
DA:82,1
DA:83,1
DA:84,1
DA:85,1
DA:86,1
DA:87,1
DA:88,1
DA:91,1
DA:92,7
DA:95,1
DA:96,1
DA:97,1
DA:101,1
DA:102,1
DA:103,1
DA:104,1
DA:105,1
DA:106,1
DA:107,1
DA:108,1
DA:109,1
DA:110,1
DA:112,1
DA:113,1
DA:115,1
DA:116,1
DA:117,1
DA:121,1
DA:122,1
DA:123,1
DA:124,1
DA:125,1
DA:126,1
DA:127,1
DA:128,1
DA:129,1
DA:130,1
DA:134,1
DA:135,1
DA:136,1
DA:137,1
DA:138,1
DA:139,1
DA:140,1
DA:141,1
DA:144,1
DA:145,7
DA:148,1
DA:149,1
DA:150,1
DA:154,1
DA:155,1
DA:156,1
DA:157,1
DA:158,1
DA:159,1
DA:160,1
DA:161,1
DA:162,1
DA:163,1
DA:165,1
DA:166,1
DA:168,1
DA:169,1
DA:170,1
DA:174,1
DA:175,1
DA:176,1
DA:177,1
DA:178,1
DA:179,1
DA:180,1
DA:181,1
DA:182,1
DA:183,1
DA:187,1
DA:188,1
DA:189,1
DA:190,1
DA:191,1
DA:192,1
DA:193,1
DA:194,1
DA:197,1
DA:198,7
DA:201,1
DA:202,1
DA:203,1
LF:140
LH:140
BRF:0
BRH:0
end_of_record
TN:
SF:/Users/conduct16/Projects/javascript-algorithms/assets/graphs/algorithms/graph_bfs/graph_bfs.js
FN:55,bfs
FN:64,(anonymous_1)
FNF:2
FNH:2
FNDA:1,bfs
FNDA:8,(anonymous_1)
DA:56,1
DA:57,1
DA:58,1
DA:60,1
DA:61,6
DA:62,6
DA:64,6
DA:65,8
DA:66,5
DA:67,5
DA:72,1
LF:11
LH:11
BRDA:65,0,0,5
BRDA:65,0,1,3
BRF:2
BRH:2
end_of_record
TN:
SF:/Users/conduct16/Projects/javascript-algorithms/assets/graphs/algorithms/graph_bfs/test/graph_bfs.spec.js
FN:6,(anonymous_1)
FN:7,(anonymous_2)
FNF:2
FNH:2
FNDA:1,(anonymous_1)
FNDA:1,(anonymous_2)
DA:2,1
DA:3,1
DA:4,1
DA:6,1
DA:7,1
DA:8,1
DA:9,1
DA:10,1
DA:11,1
DA:12,1
DA:13,1
DA:14,1
DA:16,1
DA:17,1
DA:18,1
DA:20,1
DA:21,1
DA:23,1
DA:25,1
DA:26,1
DA:29,1
DA:31,1
DA:32,1
DA:34,1
DA:35,1
DA:36,1
DA:37,1
DA:38,1
DA:39,1
LF:29
LH:29
BRF:0
BRH:0
end_of_record
TN:
SF:/Users/conduct16/Projects/javascript-algorithms/assets/graphs/algorithms/graph_dfs/graph_dfs.js
FN:64,dfs
FN:73,(anonymous_1)
FNF:2
FNH:2
FNDA:1,dfs
FNDA:8,(anonymous_1)
DA:65,1
DA:66,1
DA:67,1
DA:69,1
DA:70,6
DA:71,6
DA:73,6
DA:74,8
DA:75,5
DA:76,5
DA:81,1
LF:11
LH:11
BRDA:74,0,0,5
BRDA:74,0,1,3
BRF:2
BRH:2
end_of_record
TN:
SF:/Users/conduct16/Projects/javascript-algorithms/assets/graphs/algorithms/graph_dfs/test/graph_dfs.spec.js
FN:6,(anonymous_1)
FN:7,(anonymous_2)
FNF:2
FNH:2
FNDA:1,(anonymous_1)
FNDA:1,(anonymous_2)
DA:2,1
DA:3,1
DA:4,1
DA:6,1
DA:7,1
DA:8,1
DA:9,1
DA:10,1
DA:11,1
DA:12,1
DA:13,1
DA:14,1
DA:16,1
DA:17,1
DA:18,1
DA:20,1
DA:21,1
DA:23,1
DA:25,1
DA:26,1
DA:29,1
DA:31,1
DA:32,1
DA:34,1
DA:35,1
DA:36,1
DA:37,1
DA:38,1
DA:39,1
LF:29
LH:29
BRF:0
BRH:0
end_of_record
TN:
SF:/Users/conduct16/Projects/javascript-algorithms/assets/graphs/algorithms/path_exists/path_exists.js
FN:18,pathExists
FN:27,(anonymous_1)
FNF:2
FNH:2
FNDA:3,pathExists
FNDA:7,(anonymous_1)
DA:19,3
DA:20,3
DA:22,3
DA:23,8
DA:25,8
DA:27,6
DA:28,7
DA:29,5
DA:30,5
DA:35,1
LF:10
LH:10
BRDA:25,0,0,2
BRDA:25,0,1,6
BRDA:28,1,0,5
BRDA:28,1,1,2
BRF:4
BRH:4
end_of_record
TN:
SF:/Users/conduct16/Projects/javascript-algorithms/assets/graphs/algorithms/path_exists/test/path_exists.spec.js
FN:31,(anonymous_1)
FN:32,(anonymous_2)
FN:37,(anonymous_3)
FNF:3
FNH:3
FNDA:1,(anonymous_1)
FNDA:1,(anonymous_2)
FNDA:1,(anonymous_3)
DA:2,1
DA:3,1
DA:4,1
DA:12,1
DA:15,1
DA:16,1
DA:17,1
DA:18,1
DA:19,1
DA:20,1
DA:21,1
DA:24,1
DA:25,1
DA:26,1
DA:27,1
DA:28,1
DA:29,1
DA:31,1
DA:32,1
DA:33,1
DA:34,1
DA:37,1
DA:38,1
DA:39,1
DA:40,1
LF:25
LH:25
BRF:0
BRH:0
end_of_record
TN:
SF:/Users/conduct16/Projects/javascript-algorithms/assets/graphs/data_structures/binary_tree/binary_tree.js
FN:15,BinaryTree
FNF:1
FNH:1
FNDA:18,BinaryTree
DA:15,18
DA:16,18
DA:30,91
DA:37,91
DA:38,16
DA:39,16
DA:46,75
DA:47,75
DA:49,137
DA:52,137
DA:53,38
DA:54,38
DA:55,99
DA:56,37
DA:57,37
DA:61,62
DA:62,62
DA:65,62
DA:66,62
LF:19
LH:19
BRDA:37,0,0,16
BRDA:37,0,1,75
BRDA:52,1,0,38
BRDA:52,1,1,99
BRDA:55,2,0,37
BRDA:55,2,1,62
BRDA:61,3,0,62
BRDA:61,3,1,0
BRDA:65,4,0,62
BRDA:65,4,1,0
BRF:10
BRH:8
end_of_record
TN:
SF:/Users/conduct16/Projects/javascript-algorithms/assets/graphs/data_structures/binary_tree/test/binary_tree.spec.js
FN:12,(anonymous_1)
FN:13,(anonymous_2)
FNF:2
FNH:2
FNDA:1,(anonymous_1)
FNDA:1,(anonymous_2)
DA:2,1
DA:3,1
DA:5,1
DA:6,1
DA:7,1
DA:8,1
DA:9,1
DA:10,1
DA:12,1
DA:13,1
DA:14,1
DA:15,1
DA:16,1
DA:17,1
DA:18,1
DA:19,1
LF:16
LH:16
BRF:0
BRH:0
end_of_record
TN:
SF:/Users/conduct16/Projects/javascript-algorithms/assets/graphs/data_structures/bst/bst.js
FN:56,BinarySearchTree
FNF:1
FNH:1
FNDA:26,BinarySearchTree
DA:56,26
DA:57,26
DA:69,162
DA:70,0
DA:74,162
DA:75,162
DA:77,293
DA:78,127
DA:79,69
DA:82,166
DA:83,119
DA:84,62
DA:88,47
DA:92,0
DA:104,141
DA:112,141
DA:113,26
DA:114,26
DA:118,115
DA:121,115
DA:122,0
DA:126,115
DA:129,115
DA:130,57
DA:133,58
DA:134,58
DA:145,164
DA:159,8
DA:161,8
DA:162,23
DA:163,15
DA:166,0
DA:180,24
DA:182,24
DA:183,45
DA:184,21
DA:187,0
DA:206,32
DA:208,32
DA:211,32
DA:212,16
DA:217,16
DA:218,16
DA:219,16
DA:220,7
DA:221,7
DA:224,16
DA:236,1
DA:239,1
DA:240,0
DA:244,1
DA:246,1
DA:247,1
DA:248,1
DA:252,0
DA:255,0
DA:258,0
DA:261,0
DA:262,0
DA:263,0
DA:267,1
DA:282,7
DA:283,7
DA:284,7
DA:285,0
DA:289,7
DA:292,7
DA:294,7
DA:295,26
DA:296,26
DA:299,7
DA:313,1
DA:315,1
DA:317,5
DA:320,5
DA:323,5
DA:324,2
DA:327,5
DA:328,2
DA:344,1
DA:346,1
DA:348,5
DA:351,5
DA:354,5
DA:355,2
DA:358,5
DA:359,2
LF:87
LH:74
BRDA:69,0,0,0
BRDA:69,0,1,162
BRDA:77,1,0,127
BRDA:77,1,1,166
BRDA:78,2,0,58
BRDA:78,2,1,69
BRDA:82,3,0,119
BRDA:82,3,1,47
BRDA:83,4,0,57
BRDA:83,4,1,62
BRDA:112,5,0,26
BRDA:112,5,1,115
BRDA:121,6,0,0
BRDA:121,6,1,115
BRDA:129,7,0,57
BRDA:129,7,1,58
BRDA:133,8,0,58
BRDA:133,8,1,0
BRDA:159,9,0,8
BRDA:159,9,1,8
BRDA:162,10,0,8
BRDA:162,10,1,15
BRDA:180,11,0,24
BRDA:180,11,1,8
BRDA:183,12,0,24
BRDA:183,12,1,21
BRDA:208,13,0,0
BRDA:208,13,1,32
BRDA:211,14,0,16
BRDA:211,14,1,16
BRDA:219,15,0,23
BRDA:219,15,1,22
BRDA:239,16,0,0
BRDA:239,16,1,1
BRDA:244,17,0,1
BRDA:244,17,1,0
BRDA:246,18,0,1
BRDA:246,18,1,0
BRDA:261,19,0,0
BRDA:261,19,1,0
BRDA:284,20,0,0
BRDA:284,20,1,7
BRDA:284,21,0,7
BRDA:284,21,1,7
BRDA:294,22,0,33
BRDA:294,22,1,32
BRDA:313,23,0,1
BRDA:313,23,1,0
BRDA:323,24,0,2
BRDA:323,24,1,3
BRDA:327,25,0,2
BRDA:327,25,1,3
BRDA:344,26,0,1
BRDA:344,26,1,0
BRDA:354,27,0,2
BRDA:354,27,1,3
BRDA:358,28,0,2
BRDA:358,28,1,3
BRF:58
BRH:46
end_of_record
TN:
SF:/Users/conduct16/Projects/javascript-algorithms/assets/graphs/data_structures/bst/test/bst.spec.js
FN:5,(anonymous_1)
FN:6,(anonymous_2)
FN:17,(anonymous_3)
FN:26,(anonymous_4)
FN:34,(anonymous_5)
FN:45,(anonymous_6)
FN:56,(anonymous_7)
FN:82,(anonymous_8)
FN:93,(anonymous_9)
FN:112,(anonymous_10)
FN:120,(anonymous_11)
FN:128,(anonymous_12)
FN:136,(anonymous_13)
FNF:13
FNH:13
FNDA:1,(anonymous_1)
FNDA:1,(anonymous_2)
FNDA:1,(anonymous_3)
FNDA:1,(anonymous_4)
FNDA:1,(anonymous_5)
FNDA:1,(anonymous_6)
FNDA:1,(anonymous_7)
FNDA:1,(anonymous_8)
FNDA:1,(anonymous_9)
FNDA:1,(anonymous_10)
FNDA:5,(anonymous_11)
FNDA:1,(anonymous_12)
FNDA:5,(anonymous_13)
DA:2,1
DA:3,1
DA:5,1
DA:6,1
DA:7,1
DA:8,1
DA:9,1
DA:10,1
DA:12,1
DA:13,1
DA:14,1
DA:17,1
DA:18,1
DA:19,1
DA:20,1
DA:21,1
DA:23,1
DA:26,1
DA:27,1
DA:28,1
DA:30,1
DA:31,1
DA:34,1
DA:35,1
DA:36,1
DA:37,1
DA:38,1
DA:39,1
DA:40,1
DA:42,1
DA:45,1
DA:46,1
DA:47,1
DA:48,1
DA:49,1
DA:50,1
DA:51,1
DA:53,1
DA:56,1
DA:65,1
DA:66,1
DA:67,1
DA:68,1
DA:69,1
DA:70,1
DA:71,1
DA:72,1
DA:74,1
DA:75,1
DA:76,1
DA:77,1
DA:78,1
DA:79,1
DA:82,1
DA:83,1
DA:84,1
DA:85,1
DA:86,1
DA:87,1
DA:88,1
DA:90,1
DA:93,1
DA:94,1
DA:95,1
DA:96,1
DA:97,1
DA:98,1
DA:99,1
DA:100,1
DA:101,1
DA:103,1
DA:104,1
DA:105,1
DA:106,1
DA:107,1
DA:108,1
DA:109,1
DA:112,1
DA:113,1
DA:114,1
DA:115,1
DA:116,1
DA:117,1
DA:118,1
DA:120,1
DA:121,5
DA:124,1
DA:125,1
DA:128,1
DA:129,1
DA:130,1
DA:131,1
DA:132,1
DA:133,1
DA:134,1
DA:136,1
DA:137,5
DA:140,1
DA:141,1
LF:99
LH:99
BRF:0
BRH:0
end_of_record
TN:
SF:/Users/conduct16/Projects/javascript-algorithms/assets/graphs/data_structures/graph/graph.js
FN:59,Graph
FN:85,(anonymous_8)
FNF:2
FNH:2
FNDA:12,Graph
FNDA:396,(anonymous_8)
DA:59,12
DA:60,12
DA:71,46
DA:85,396
DA:97,40
DA:98,40
DA:101,40
DA:102,0
DA:106,40
LF:9
LH:8
BRDA:101,0,0,0
BRDA:101,0,1,40
BRDA:101,1,0,40
BRDA:101,1,1,40
BRF:4
BRH:3
end_of_record
TN:
SF:/Users/conduct16/Projects/javascript-algorithms/assets/graphs/data_structures/graph/test/graph.spec.js
FN:5,(anonymous_1)
FN:6,(anonymous_2)
FN:16,(anonymous_3)
FN:29,(anonymous_4)
FNF:4
FNH:4
FNDA:1,(anonymous_1)
FNDA:1,(anonymous_2)
FNDA:1,(anonymous_3)
FNDA:1,(anonymous_4)
DA:2,1
DA:3,1
DA:5,1
DA:6,1
DA:7,1
DA:8,1
DA:9,1
DA:10,1
DA:12,1
DA:13,1
DA:16,1
DA:17,1
DA:18,1
DA:19,1
DA:20,1
DA:22,1
DA:23,1
DA:24,1
DA:26,1
DA:29,1
DA:30,1
DA:31,1
DA:32,1
DA:33,1
DA:36,1
DA:38,1
LF:26
LH:26
BRF:0
BRH:0
end_of_record
TN:
SF:/Users/conduct16/Projects/javascript-algorithms/assets/graphs/data_structures/heap/heap.js
FN:30,Heap
FN:35,(anonymous_6)
FNF:2
FNH:2
FNDA:2,Heap
FNDA:10,(anonymous_6)
DA:30,2
DA:31,2
DA:32,2
DA:33,1
DA:35,10
DA:47,2
DA:63,11
DA:64,11
DA:77,11
DA:78,11
DA:79,11
DA:81,11
DA:82,11
DA:83,6
DA:84,6
DA:85,6
DA:86,6
DA:87,6
DA:91,11
DA:110,7
DA:111,7
DA:112,7
DA:113,7
DA:115,7
DA:116,0
DA:119,7
DA:120,0
DA:123,7
DA:124,0
DA:125,0
DA:126,0
DA:127,0
DA:141,7
DA:142,0
DA:145,7
DA:146,7
DA:147,7
DA:158,0
DA:169,16
LF:39
LH:31
BRDA:32,0,0,1
BRDA:32,0,1,1
BRDA:81,1,0,11
BRDA:81,1,1,0
BRDA:82,2,0,17
BRDA:82,2,1,17
BRDA:115,3,0,0
BRDA:115,3,1,7
BRDA:115,4,0,7
BRDA:115,4,1,3
BRDA:119,5,0,0
BRDA:119,5,1,7
BRDA:119,6,0,7
BRDA:119,6,1,1
BRDA:123,7,0,0
BRDA:123,7,1,7
BRDA:141,8,0,0
BRDA:141,8,1,7
BRF:18
BRH:13
end_of_record
TN:
SF:/Users/conduct16/Projects/javascript-algorithms/assets/graphs/data_structures/heap/test/heap.spec.js
FN:5,(anonymous_1)
FN:6,(anonymous_2)
FNF:2
FNH:2
FNDA:1,(anonymous_1)
FNDA:1,(anonymous_2)
DA:2,1
DA:3,1
DA:5,1
DA:6,1
DA:7,1
DA:9,1
DA:10,1
DA:11,1
DA:13,1
DA:14,1
DA:15,1
DA:16,1
DA:17,1
DA:19,1
DA:20,1
DA:21,1
DA:23,1
DA:24,1
LF:18
LH:18
BRF:0
BRH:0
end_of_record
TN:
SF:/Users/conduct16/Projects/javascript-algorithms/assets/graphs/data_structures/tree/tree.js
FN:41,Tree
FN:55,walk
FN:89,(anonymous_9)
FNF:3
FNH:3
FNDA:2,Tree
FNDA:5,walk
FNDA:5,(anonymous_9)
DA:41,2
DA:42,2
DA:57,5
DA:60,5
DA:64,2
DA:76,3
DA:82,3
DA:83,1
DA:84,1
DA:89,2
DA:90,5
DA:91,2
LF:12
LH:12
BRDA:82,0,0,1
BRDA:82,0,1,2
BRDA:90,1,0,2
BRDA:90,1,1,3
BRF:4
BRH:4
end_of_record
TN:
SF:/Users/conduct16/Projects/javascript-algorithms/assets/graphs/data_structures/tree/test/tree.spec.js
FN:5,(anonymous_1)
FN:6,(anonymous_2)
FN:13,(anonymous_3)
FNF:3
FNH:3
FNDA:1,(anonymous_1)
FNDA:1,(anonymous_2)
FNDA:1,(anonymous_3)
DA:2,1
DA:3,1
DA:5,1
DA:6,1
DA:7,1
DA:8,1
DA:9,1
DA:10,1
DA:13,1
DA:14,1
DA:15,1
DA:16,1
DA:17,1
DA:19,1
DA:20,1
DA:21,1
DA:22,1
LF:17
LH:17
BRF:0
BRH:0
end_of_record
TN:
SF:/Users/conduct16/Projects/javascript-algorithms/assets/graphs/questions/binary_tree/balanced_tree/balanced_tree.js
FN:54,isBalanced
FNF:1
FNH:1
FNDA:2,isBalanced
DA:56,2
DA:59,2
DA:60,2
DA:62,2
DA:64,8
DA:65,8
DA:66,8
DA:69,8
DA:71,4
DA:72,3
DA:77,3
DA:78,1
DA:84,4
DA:85,3
DA:88,4
DA:89,3
DA:94,1
LF:17
LH:17
BRDA:69,0,0,4
BRDA:69,0,1,4
BRDA:69,1,0,8
BRDA:69,1,1,5
BRDA:71,2,0,3
BRDA:71,2,1,1
BRDA:77,3,0,1
BRDA:77,3,1,2
BRDA:77,4,0,3
BRDA:77,4,1,3
BRDA:77,4,2,1
BRDA:84,5,0,3
BRDA:84,5,1,1
BRDA:88,6,0,3
BRDA:88,6,1,1
BRF:15
BRH:15
end_of_record
TN:
SF:/Users/conduct16/Projects/javascript-algorithms/assets/graphs/questions/binary_tree/balanced_tree/test/balanced_tree.spec.js
FN:6,(anonymous_1)
FN:7,(anonymous_2)
FN:16,(anonymous_3)
FNF:3
FNH:3
FNDA:1,(anonymous_1)
FNDA:1,(anonymous_2)
FNDA:1,(anonymous_3)
DA:2,1
DA:3,1
DA:4,1
DA:6,1
DA:7,1
DA:8,1
DA:9,1
DA:10,1
DA:11,1
DA:13,1
DA:16,1
DA:17,1
DA:18,1
DA:19,1
DA:20,1
DA:21,1
DA:22,1
DA:24,1
LF:18
LH:18
BRF:0
BRH:0
end_of_record
TN:
SF:/Users/conduct16/Projects/javascript-algorithms/assets/graphs/questions/binary_tree/check_subtree/check_subtree.js
FN:55,containsTree
FN:65,getOrderString
FN:106,containsTreeAlt
FN:130,matchTree
FNF:4
FNH:4
FNDA:2,containsTree
FNDA:4,getOrderString
FNDA:2,containsTreeAlt
FNDA:9,matchTree
DA:57,2
DA:59,2
DA:60,2
DA:62,2
DA:66,4
DA:68,4
DA:69,4
DA:71,4
DA:72,44
DA:74,44
DA:75,24
DA:77,20
DA:78,20
DA:79,20
DA:83,4
DA:107,2
DA:109,2
DA:110,2
DA:112,2
DA:113,10
DA:115,10
DA:116,2
DA:119,9
DA:120,5
DA:123,9
DA:124,5
DA:127,1
DA:132,9
DA:133,4
DA:136,5
DA:137,0
DA:140,5
DA:141,1
DA:144,4
LF:34
LH:33
BRDA:57,0,0,0
BRDA:57,0,1,2
BRDA:66,1,0,0
BRDA:66,1,1,4
BRDA:74,2,0,24
BRDA:74,2,1,20
BRDA:107,3,0,0
BRDA:107,3,1,2
BRDA:115,4,0,2
BRDA:115,4,1,8
BRDA:116,5,0,1
BRDA:116,5,1,1
BRDA:119,6,0,5
BRDA:119,6,1,4
BRDA:123,7,0,5
BRDA:123,7,1,4
BRDA:132,8,0,4
BRDA:132,8,1,5
BRDA:132,9,0,9
BRDA:132,9,1,4
BRDA:136,10,0,0
BRDA:136,10,1,5
BRDA:136,11,0,5
BRDA:136,11,1,5
BRDA:140,12,0,1
BRDA:140,12,1,4
BRDA:144,13,0,4
BRDA:144,13,1,3
BRF:28
BRH:24
end_of_record
TN:
SF:/Users/conduct16/Projects/javascript-algorithms/assets/graphs/questions/binary_tree/check_subtree/test/check_subtree.spec.js
FN:6,(anonymous_1)
FN:7,(anonymous_2)
FN:25,(anonymous_3)
FN:44,(anonymous_4)
FN:45,(anonymous_5)
FN:63,(anonymous_6)
FNF:6
FNH:6
FNDA:1,(anonymous_1)
FNDA:1,(anonymous_2)
FNDA:1,(anonymous_3)
FNDA:1,(anonymous_4)
FNDA:1,(anonymous_5)
FNDA:1,(anonymous_6)
DA:2,1
DA:3,1
DA:4,1
DA:6,1
DA:7,1
DA:8,1
DA:9,1
DA:10,1
DA:11,1
DA:12,1
DA:13,1
DA:14,1
DA:15,1
DA:17,1
DA:18,1
DA:19,1
DA:20,1
DA:22,1
DA:25,1
DA:26,1
DA:27,1
DA:28,1
DA:29,1
DA:30,1
DA:31,1
DA:32,1
DA:33,1
DA:35,1
DA:36,1
DA:37,1
DA:38,1
DA:40,1
DA:44,1
DA:45,1
DA:46,1
DA:47,1
DA:48,1
DA:49,1
DA:50,1
DA:51,1
DA:52,1
DA:53,1
DA:55,1
DA:56,1
DA:57,1
DA:58,1
DA:60,1
DA:63,1
DA:64,1
DA:65,1
DA:66,1
DA:67,1
DA:68,1
DA:69,1
DA:70,1
DA:71,1
DA:73,1
DA:74,1
DA:75,1
DA:76,1
DA:78,1
LF:61
LH:61
BRF:0
BRH:0
end_of_record
TN:
SF:/Users/conduct16/Projects/javascript-algorithms/assets/graphs/questions/binary_tree/first_common_ancestor/first_common_ancestor.js
FN:66,withParents
FN:93,goUpBy
FN:109,findDepth
FN:168,withParentsAlt
FN:202,covers
FN:231,getSibling
FN:264,withoutParents
FNF:7
FNH:7
FNDA:4,withParents
FNDA:4,goUpBy
FNDA:8,findDepth
FNDA:4,withParentsAlt
FNDA:32,covers
FNDA:6,getSibling
FNDA:4,withoutParents
DA:68,4
DA:69,4
DA:70,4
DA:73,4
DA:76,4
DA:77,5
DA:78,5
DA:82,4
DA:94,4
DA:95,1
DA:96,1
DA:99,4
DA:110,8
DA:111,8
DA:112,21
DA:113,21
DA:116,8
DA:170,4
DA:171,0
DA:174,4
DA:175,0
DA:178,4
DA:179,0
DA:183,4
DA:184,4
DA:186,4
DA:187,2
DA:188,2
DA:191,4
DA:204,32
DA:206,32
DA:207,81
DA:209,81
DA:211,63
DA:212,29
DA:215,63
DA:216,29
DA:221,14
DA:232,6
DA:233,0
DA:236,6
DA:237,6
DA:265,4
DA:267,4
DA:268,5
DA:269,5
DA:270,5
DA:273,5
DA:275,1
DA:276,1
DA:279,0
LF:51
LH:46
BRDA:69,0,0,1
BRDA:69,0,1,3
BRDA:70,1,0,1
BRDA:70,1,1,3
BRDA:76,2,0,9
BRDA:76,2,1,5
BRDA:76,2,2,5
BRDA:82,3,0,0
BRDA:82,3,1,4
BRDA:82,4,0,4
BRDA:82,4,1,4
BRDA:94,5,0,5
BRDA:94,5,1,1
BRDA:170,6,0,0
BRDA:170,6,1,4
BRDA:170,7,0,4
BRDA:170,7,1,4
BRDA:174,8,0,0
BRDA:174,8,1,4
BRDA:178,9,0,0
BRDA:178,9,1,4
BRDA:209,10,0,18
BRDA:209,10,1,63
BRDA:211,11,0,29
BRDA:211,11,1,34
BRDA:215,12,0,29
BRDA:215,12,1,34
BRDA:232,13,0,0
BRDA:232,13,1,6
BRDA:232,14,0,6
BRDA:232,14,1,6
BRDA:237,15,0,4
BRDA:237,15,1,2
BRDA:273,16,0,4
BRDA:273,16,1,1
BRDA:275,17,0,1
BRDA:275,17,1,0
BRF:37
BRH:31
end_of_record
TN:
SF:/Users/conduct16/Projects/javascript-algorithms/assets/graphs/questions/binary_tree/first_common_ancestor/test/first_common_ancestor.spec.js
FN:61,(anonymous_10)
FN:62,(anonymous_11)
FN:86,(anonymous_12)
FN:87,(anonymous_13)
FN:111,(anonymous_14)
FN:112,(anonymous_15)
FNF:6
FNH:6
FNDA:1,(anonymous_10)
FNDA:1,(anonymous_11)
FNDA:1,(anonymous_12)
FNDA:1,(anonymous_13)
FNDA:1,(anonymous_14)
FNDA:1,(anonymous_15)
DA:2,1
DA:3,1
DA:4,1
DA:10,14
DA:18,14
DA:19,2
DA:20,2
DA:23,12
DA:25,12
DA:27,24
DA:30,24
DA:31,6
DA:32,6
DA:33,6
DA:34,18
DA:35,6
DA:36,6
DA:37,6
DA:41,12
DA:42,12
DA:45,12
DA:46,12
DA:61,1
DA:62,1
DA:63,1
DA:64,1
DA:65,1
DA:66,1
DA:67,1
DA:68,1
DA:69,1
DA:70,1
DA:72,1
DA:73,1
DA:74,1
DA:75,1
DA:76,1
DA:77,1
DA:79,1
DA:80,1
DA:81,1
DA:82,1
DA:86,1
DA:87,1
DA:88,1
DA:89,1
DA:90,1
DA:91,1
DA:92,1
DA:93,1
DA:94,1
DA:95,1
DA:97,1
DA:98,1
DA:99,1
DA:100,1
DA:101,1
DA:102,1
DA:104,1
DA:105,1
DA:106,1
DA:107,1
DA:111,1
DA:112,1
DA:113,1
DA:114,1
DA:115,1
DA:116,1
DA:117,1
DA:118,1
DA:119,1
DA:120,1
DA:122,1
DA:123,1
DA:124,1
DA:125,1
DA:126,1
DA:127,1
DA:129,1
DA:130,1
DA:131,1
DA:132,1
LF:82
LH:82
BRDA:18,0,0,2
BRDA:18,0,1,12
BRDA:30,1,0,6
BRDA:30,1,1,18
BRDA:34,2,0,6
BRDA:34,2,1,12
BRDA:41,3,0,12
BRDA:41,3,1,0
BRDA:45,4,0,12
BRDA:45,4,1,0
BRF:10
BRH:8
end_of_record
TN:
SF:/Users/conduct16/Projects/javascript-algorithms/assets/graphs/questions/binary_tree/height_of_binary_tree/height_of_binary_tree.js
FN:22,height
FNF:1
FNH:1
FNDA:28,height
DA:24,28
DA:27,13
DA:28,13
DA:31,13
LF:4
LH:4
BRDA:24,0,0,15
BRDA:24,0,1,13
BRF:2
BRH:2
end_of_record
TN:
SF:/Users/conduct16/Projects/javascript-algorithms/assets/graphs/questions/binary_tree/height_of_binary_tree/test/height_of_binary_tree.spec.js
FN:7,(anonymous_1)
FN:8,(anonymous_2)
FNF:2
FNH:2
FNDA:1,(anonymous_1)
FNDA:1,(anonymous_2)
DA:2,1
DA:3,1
DA:4,1
DA:5,1
DA:7,1
DA:8,1
DA:9,1
DA:10,1
DA:11,1
DA:12,1
DA:13,1
DA:14,1
DA:15,1
DA:16,1
DA:18,1
DA:20,1
DA:21,1
DA:22,1
DA:23,1
DA:24,1
DA:25,1
DA:26,1
DA:28,1
LF:23
LH:23
BRF:0
BRH:0
end_of_record
TN:
SF:/Users/conduct16/Projects/javascript-algorithms/assets/graphs/questions/binary_tree/invert_binary_tree/invert_binary_tree.js
FN:56,invertTreeRecursive
FN:100,invertTreeIterative
FNF:2
FNH:2
FNDA:15,invertTreeRecursive
FNDA:1,invertTreeIterative
DA:58,15
DA:60,7
DA:61,7
DA:64,7
DA:65,7
DA:67,7
DA:101,1
DA:102,1
DA:104,1
DA:106,7
DA:109,7
DA:110,7
DA:111,7
DA:114,7
DA:115,7
DA:118,1
LF:16
LH:16
BRDA:58,0,0,8
BRDA:58,0,1,7
BRDA:101,1,0,0
BRDA:101,1,1,1
BRDA:114,2,0,3
BRDA:114,2,1,4
BRDA:115,3,0,3
BRDA:115,3,1,4
BRF:8
BRH:7
end_of_record
TN:
SF:/Users/conduct16/Projects/javascript-algorithms/assets/graphs/questions/binary_tree/invert_binary_tree/test/invert_binary_tree.spec.js
FN:6,(anonymous_1)
FN:16,(anonymous_2)
FN:23,(anonymous_3)
FN:33,(anonymous_4)
FNF:4
FNH:4
FNDA:1,(anonymous_1)
FNDA:1,(anonymous_2)
FNDA:1,(anonymous_3)
FNDA:1,(anonymous_4)
DA:2,1
DA:3,1
DA:4,1
DA:6,1
DA:7,1
DA:8,1
DA:9,1
DA:10,1
DA:11,1
DA:12,1
DA:13,1
DA:14,1
DA:16,1
DA:17,1
DA:18,1
DA:19,1
DA:23,1
DA:24,1
DA:25,1
DA:26,1
DA:27,1
DA:28,1
DA:29,1
DA:30,1
DA:31,1
DA:33,1
DA:34,1
DA:35,1
DA:36,1
LF:29
LH:29
BRF:0
BRH:0
end_of_record
TN:
SF:/Users/conduct16/Projects/javascript-algorithms/assets/graphs/questions/binary_tree/list_of_depths/list_of_depths.js
FN:32,createDepthLinkList
FNF:1
FNH:1
FNDA:1,createDepthLinkList
DA:30,1
DA:33,1
DA:34,1
DA:37,1
DA:39,1
DA:41,6
DA:42,6
DA:43,6
DA:46,6
DA:48,3
DA:51,3
DA:52,3
DA:53,3
DA:55,3
DA:59,6
DA:60,2
DA:63,6
DA:64,3
DA:68,1
LF:19
LH:19
BRDA:46,0,0,3
BRDA:46,0,1,3
BRDA:59,1,0,2
BRDA:59,1,1,4
BRDA:63,2,0,3
BRDA:63,2,1,3
BRF:6
BRH:6
end_of_record
TN:
SF:/Users/conduct16/Projects/javascript-algorithms/assets/graphs/questions/binary_tree/list_of_depths/test/list_of_depths.spec.js
FN:6,(anonymous_1)
FN:7,(anonymous_2)
FNF:2
FNH:2
FNDA:1,(anonymous_1)
FNDA:1,(anonymous_2)
DA:2,1
DA:3,1
DA:4,1
DA:6,1
DA:7,1
DA:8,1
DA:10,1
DA:12,1
DA:13,1
DA:15,1
DA:16,1
DA:17,1
DA:19,1
DA:21,1
DA:22,1
DA:24,1
DA:25,1
LF:17
LH:17
BRF:0
BRH:0
end_of_record
TN:
SF:/Users/conduct16/Projects/javascript-algorithms/assets/graphs/questions/binary_tree/path_sum/path_sum.js
FN:55,pathSumBrute
FN:78,countPaths
FN:195,pathSum
FN:210,helper
FNF:4
FNH:4
FNDA:15,pathSumBrute
FNDA:41,countPaths
FNDA:1,pathSum
FNDA:15,helper
DA:57,15
DA:60,7
DA:63,7
DA:64,7
DA:66,7
DA:80,41
DA:82,17
DA:83,17
DA:86,17
DA:89,17
DA:90,17
DA:92,17
DA:196,1
DA:197,1
DA:212,15
DA:215,7
DA:216,7
DA:218,7
DA:222,7
DA:225,7
DA:228,7
DA:229,7
DA:232,7
DA:233,0
DA:235,7
DA:238,7
LF:26
LH:25
BRDA:57,0,0,8
BRDA:57,0,1,7
BRDA:80,1,0,24
BRDA:80,1,1,17
BRDA:86,2,0,3
BRDA:86,2,1,14
BRDA:212,3,0,8
BRDA:212,3,1,7
BRDA:218,4,0,1
BRDA:218,4,1,6
BRDA:222,5,0,2
BRDA:222,5,1,5
BRDA:225,6,0,7
BRDA:225,6,1,6
BRDA:232,7,0,0
BRDA:232,7,1,7
BRF:16
BRH:15
end_of_record
TN:
SF:/Users/conduct16/Projects/javascript-algorithms/assets/graphs/questions/binary_tree/path_sum/test/path_sum.spec.js
FN:29,(anonymous_1)
FN:30,(anonymous_2)
FN:35,(anonymous_3)
FN:36,(anonymous_4)
FNF:4
FNH:4
FNDA:1,(anonymous_1)
FNDA:1,(anonymous_2)
FNDA:1,(anonymous_3)
FNDA:1,(anonymous_4)
DA:2,1
DA:3,1
DA:4,1
DA:20,1
DA:21,1
DA:22,1
DA:23,1
DA:24,1
DA:25,1
DA:26,1
DA:27,1
DA:29,1
DA:30,1
DA:31,1
DA:35,1
DA:36,1
DA:37,1
LF:17
LH:17
BRF:0
BRH:0
end_of_record
TN:
SF:/Users/conduct16/Projects/javascript-algorithms/assets/graphs/questions/bst/minimal_tree/minimal_tree.js
FN:54,minimal
FN:64,insertNode
FNF:2
FNH:2
FNDA:1,minimal
FNDA:15,insertNode
DA:52,1
DA:56,1
DA:59,1
DA:61,1
DA:66,15
DA:69,7
DA:72,7
DA:75,7
DA:76,7
DA:78,7
LF:10
LH:10
BRDA:66,0,0,8
BRDA:66,0,1,7
BRF:2
BRH:2
end_of_record
TN:
SF:/Users/conduct16/Projects/javascript-algorithms/assets/graphs/questions/bst/minimal_tree/test/minimal_tree.spec.js
FN:5,(anonymous_1)
FN:6,(anonymous_2)
FNF:2
FNH:2
FNDA:1,(anonymous_1)
FNDA:1,(anonymous_2)
DA:2,1
DA:3,1
DA:5,1
DA:6,1
DA:7,1
DA:8,1
DA:11,1
DA:14,1
DA:15,1
DA:18,1
DA:19,1
DA:20,1
DA:21,1
LF:13
LH:13
BRF:0
BRH:0
end_of_record
TN:
SF:/Users/conduct16/Projects/javascript-algorithms/assets/graphs/questions/bst/random_node/random_node.js
FN:152,BSTRandom
FNF:1
FNH:1
FNDA:1,BSTRandom
DA:152,1
DA:153,1
DA:165,7
DA:172,7
DA:173,1
DA:174,1
DA:178,6
DA:180,6
DA:182,10
DA:184,10
DA:185,5
DA:186,3
DA:187,3
DA:189,2
DA:190,5
DA:191,5
DA:192,3
DA:193,3
DA:195,2
DA:199,0
DA:212,0
DA:215,0
DA:216,0
DA:218,0
DA:221,0
DA:222,0
DA:225,0
DA:226,0
DA:227,0
DA:231,0
DA:242,37
DA:243,33
LF:32
LH:21
BRDA:172,0,0,1
BRDA:172,0,1,6
BRDA:184,1,0,5
BRDA:184,1,1,5
BRDA:185,2,0,3
BRDA:185,2,1,2
BRDA:190,3,0,5
BRDA:190,3,1,0
BRDA:191,4,0,3
BRDA:191,4,1,2
BRDA:218,5,0,0
BRDA:218,5,1,0
BRDA:221,6,0,0
BRDA:221,6,1,0
BRDA:225,7,0,0
BRDA:225,7,1,0
BRDA:242,8,0,4
BRDA:242,8,1,33
BRF:18
BRH:11
end_of_record
TN:
SF:/Users/conduct16/Projects/javascript-algorithms/assets/graphs/questions/bst/random_node/test/random_node.spec.js
FN:48,(anonymous_10)
FN:49,(anonymous_11)
FNF:2
FNH:2
FNDA:1,(anonymous_10)
FNDA:1,(anonymous_11)
DA:2,1
DA:3,1
DA:8,7
DA:11,7
DA:12,7
DA:14,17
DA:17,10
DA:18,5
DA:21,5
DA:22,5
DA:23,5
DA:27,0
DA:39,1
DA:40,1
DA:41,1
DA:42,1
DA:43,1
DA:44,1
DA:45,1
DA:46,1
DA:48,1
DA:49,1
DA:50,1
DA:51,1
DA:52,1
DA:53,1
DA:54,1
DA:55,1
DA:56,1
LF:29
LH:28
BRDA:14,0,0,7
BRDA:14,0,1,10
BRDA:17,1,0,5
BRDA:17,1,1,5
BRDA:21,2,0,5
BRDA:21,2,1,0
BRF:6
BRH:5
end_of_record
TN:
SF:/Users/conduct16/Projects/javascript-algorithms/assets/graphs/questions/bst/second_largest_element/second_largest_element.js
FN:59,findLargest
FN:69,findSecondLargest
FNF:2
FNH:2
FNDA:1,findLargest
FNDA:3,findSecondLargest
DA:60,1
DA:61,1
DA:62,2
DA:63,1
DA:66,0
DA:70,3
DA:71,1
DA:74,2
DA:76,2
DA:79,5
DA:80,1
DA:86,4
DA:87,1
DA:90,3
DA:93,0
LF:15
LH:13
BRDA:62,0,0,1
BRDA:62,0,1,1
BRDA:70,1,0,1
BRDA:70,1,1,2
BRDA:70,2,0,3
BRDA:70,2,1,1
BRDA:79,3,0,1
BRDA:79,3,1,4
BRDA:79,4,0,5
BRDA:79,4,1,5
BRDA:86,5,0,1
BRDA:86,5,1,3
BRDA:86,6,0,4
BRDA:86,6,1,4
BRDA:86,6,2,1
BRF:15
BRH:15
end_of_record
TN:
SF:/Users/conduct16/Projects/javascript-algorithms/assets/graphs/questions/bst/second_largest_element/test/second_largest_element.spec.js
FN:6,(anonymous_1)
FN:7,(anonymous_2)
FN:18,(anonymous_3)
FN:31,(anonymous_4)
FN:35,(anonymous_5)
FNF:5
FNH:5
FNDA:1,(anonymous_1)
FNDA:1,(anonymous_2)
FNDA:1,(anonymous_3)
FNDA:1,(anonymous_4)
FNDA:1,(anonymous_5)
DA:2,1
DA:3,1
DA:4,1
DA:6,1
DA:7,1
DA:8,1
DA:9,1
DA:10,1
DA:11,1
DA:12,1
DA:13,1
DA:15,1
DA:18,1
DA:19,1
DA:20,1
DA:21,1
DA:22,1
DA:23,1
DA:24,1
DA:25,1
DA:26,1
DA:28,1
DA:31,1
DA:32,1
DA:33,1
DA:35,1
LF:26
LH:26
BRF:0
BRH:0
end_of_record
TN:
SF:/Users/conduct16/Projects/javascript-algorithms/assets/graphs/questions/bst/successor/successor.js
FN:33,findNext
FN:53,findSmallest
FNF:2
FNH:2
FNDA:6,findNext
FNDA:3,findSmallest
DA:34,6
DA:37,6
DA:38,3
DA:43,3
DA:44,3
DA:45,3
DA:46,1
DA:47,1
DA:50,3
DA:54,3
DA:56,3
DA:57,4
DA:58,1
DA:61,0
LF:14
LH:13
BRDA:34,0,0,0
BRDA:34,0,1,6
BRDA:37,1,0,3
BRDA:37,1,1,3
BRDA:45,2,0,4
BRDA:45,2,1,4
BRDA:57,3,0,3
BRDA:57,3,1,1
BRF:8
BRH:7
end_of_record
TN:
SF:/Users/conduct16/Projects/javascript-algorithms/assets/graphs/questions/bst/successor/test/successor.spec.js
FN:6,(anonymous_1)
FN:7,(anonymous_2)
FNF:2
FNH:2
FNDA:1,(anonymous_1)
FNDA:1,(anonymous_2)
DA:2,1
DA:3,1
DA:4,1
DA:6,1
DA:7,1
DA:16,1
DA:17,1
DA:18,1
DA:19,1
DA:20,1
DA:21,1
DA:22,1
DA:23,1
DA:25,1
DA:26,1
DA:27,1
DA:28,1
DA:29,1
DA:30,1
LF:19
LH:19
BRF:0
BRH:0
end_of_record
TN:
SF:/Users/conduct16/Projects/javascript-algorithms/assets/graphs/questions/bst/valid_bst/valid_bst.js
FN:50,checkBST
FNF:1
FNH:1
FNDA:2,checkBST
DA:53,2
DA:60,2
DA:61,7
DA:62,21
DA:65,7
DA:67,6
DA:69,4
DA:76,6
DA:78,2
DA:88,1
LF:10
LH:10
BRDA:65,0,0,1
BRDA:65,0,1,6
BRDA:65,1,0,7
BRDA:65,1,1,6
BRDA:67,2,0,4
BRDA:67,2,1,2
BRDA:76,3,0,2
BRDA:76,3,1,4
BRF:8
BRH:8
end_of_record
TN:
SF:/Users/conduct16/Projects/javascript-algorithms/assets/graphs/questions/bst/valid_bst/test/valid_bst.spec.js
FN:7,(anonymous_1)
FN:8,(anonymous_2)
FN:19,(anonymous_3)
FNF:3
FNH:3
FNDA:1,(anonymous_1)
FNDA:1,(anonymous_2)
FNDA:1,(anonymous_3)
DA:2,1
DA:3,1
DA:4,1
DA:5,1
DA:7,1
DA:8,1
DA:9,1
DA:10,1
DA:11,1
DA:12,1
DA:13,1
DA:14,1
DA:16,1
DA:19,1
DA:20,1
DA:21,1
DA:22,1
DA:23,1
DA:24,1
DA:25,1
DA:27,1
LF:21
LH:21
BRF:0
BRH:0
end_of_record
TN:
SF:/Users/conduct16/Projects/javascript-algorithms/assets/graphs/questions/graph/route_between_nodes/route_between_nodes.js
FN:31,routeBetweenNodes
FNF:1
FNH:1
FNDA:5,routeBetweenNodes
DA:33,5
DA:36,5
DA:37,5
DA:39,5
DA:41,7
DA:42,7
DA:45,7
DA:46,5
DA:49,5
DA:51,5
DA:54,2
DA:55,2
DA:61,2
LF:13
LH:13
BRDA:33,0,0,0
BRDA:33,0,1,5
BRDA:49,1,0,5
BRDA:49,1,1,0
BRDA:51,2,0,3
BRDA:51,2,1,2
BRF:6
BRH:4
end_of_record
TN:
SF:/Users/conduct16/Projects/javascript-algorithms/assets/graphs/questions/graph/route_between_nodes/test/route_between_nodes.spec.js
FN:6,(anonymous_1)
FN:20,(anonymous_2)
FN:26,(anonymous_3)
FNF:3
FNH:3
FNDA:1,(anonymous_1)
FNDA:1,(anonymous_2)
FNDA:1,(anonymous_3)
DA:2,1
DA:3,1
DA:4,1
DA:6,1
DA:7,1
DA:8,1
DA:9,1
DA:10,1
DA:13,1
DA:14,1
DA:16,1
DA:17,1
DA:18,1
DA:20,1
DA:21,1
DA:22,1
DA:23,1
DA:26,1
DA:27,1
DA:28,1
LF:20
LH:20
BRF:0
BRH:0
end_of_record
TN:
SF:/Users/conduct16/Projects/javascript-algorithms/assets/graphs/questions/topological_sort/alien_dictionary/alien_dictionary.js
FN:153,alienOrder
FN:160,(anonymous_2)
FN:170,(anonymous_3)
FN:175,_loop
FN:190,(anonymous_5)
FN:210,(anonymous_6)
FN:222,(anonymous_7)
FN:231,(anonymous_8)
FNF:8
FNH:8
FNDA:1,alienOrder
FNDA:5,(anonymous_2)
FNDA:5,(anonymous_3)
FNDA:10,_loop
FNDA:1,(anonymous_5)
FNDA:5,(anonymous_6)
FNDA:4,(anonymous_7)
FNDA:5,(anonymous_8)
DA:151,1
DA:154,1
DA:159,1
DA:160,35
DA:161,15
DA:162,15
DA:163,5
DA:170,1
DA:171,5
DA:175,4
DA:176,4
DA:177,4
DA:178,4
DA:181,10
DA:182,10
DA:183,10
DA:187,10
DA:189,5
DA:190,5
DA:191,1
DA:195,5
DA:197,4
DA:200,4
DA:207,1
DA:210,1
DA:211,5
DA:214,1
DA:216,5
DA:219,5
DA:222,5
DA:223,4
DA:226,4
DA:231,1
DA:232,5
DA:233,0
DA:237,1
LF:36
LH:35
BRDA:162,0,0,5
BRDA:162,0,1,10
BRDA:160,1,0,5
BRDA:160,1,1,10
BRDA:187,2,0,5
BRDA:187,2,1,5
BRDA:191,3,0,1
BRDA:191,3,1,0
BRDA:195,4,0,4
BRDA:195,4,1,1
BRDA:211,5,0,1
BRDA:211,5,1,4
BRDA:226,6,0,4
BRDA:226,6,1,0
BRDA:232,7,0,0
BRDA:232,7,1,5
BRF:16
BRH:13
end_of_record
TN:
SF:/Users/conduct16/Projects/javascript-algorithms/assets/graphs/questions/topological_sort/alien_dictionary/test/alien_dictionary.spec.js
FN:5,(anonymous_1)
FN:6,(anonymous_2)
FNF:2
FNH:2
FNDA:1,(anonymous_1)
FNDA:1,(anonymous_2)
DA:2,1
DA:3,1
DA:5,1
DA:6,1
DA:7,1
DA:8,1
LF:6
LH:6
BRF:0
BRH:0
end_of_record
TN:
SF:/Users/conduct16/Projects/javascript-algorithms/assets/graphs/questions/topological_sort/build_order/build_order.js
FN:84,buildOrder
FN:91,(anonymous_2)
FN:96,(anonymous_3)
FN:101,(anonymous_4)
FN:105,(anonymous_5)
FN:106,(anonymous_6)
FN:115,(anonymous_7)
FN:128,(anonymous_8)
FN:137,(anonymous_9)
FNF:9
FNH:9
FNDA:2,buildOrder
FNDA:10,(anonymous_2)
FNDA:11,(anonymous_3)
FNDA:10,(anonymous_4)
FNDA:10,(anonymous_5)
FNDA:11,(anonymous_6)
FNDA:10,(anonymous_7)
FNDA:8,(anonymous_8)
FNDA:8,(anonymous_9)
DA:82,1
DA:85,2
DA:88,2
DA:91,2
DA:92,10
DA:96,2
DA:97,11
DA:101,2
DA:102,10
DA:105,2
DA:106,10
DA:107,11
DA:112,2
DA:115,2
DA:116,10
DA:120,2
DA:122,7
DA:125,7
DA:128,7
DA:129,8
DA:132,8
DA:137,2
DA:138,8
DA:139,1
DA:143,1
LF:25
LH:25
BRDA:116,0,0,2
BRDA:116,0,1,8
BRDA:132,1,0,5
BRDA:132,1,1,3
BRDA:138,2,0,1
BRDA:138,2,1,7
BRF:6
BRH:6
end_of_record
TN:
SF:/Users/conduct16/Projects/javascript-algorithms/assets/graphs/questions/topological_sort/build_order/test/build_order.spec.js
FN:5,(anonymous_1)
FN:6,(anonymous_2)
FN:31,(anonymous_3)
FN:37,(anonymous_4)
FNF:4
FNH:4
FNDA:1,(anonymous_1)
FNDA:1,(anonymous_2)
FNDA:1,(anonymous_3)
FNDA:1,(anonymous_4)
DA:2,1
DA:3,1
DA:5,1
DA:6,1
DA:7,1
DA:8,1
DA:17,1
DA:19,1
DA:20,1
DA:22,1
DA:23,1
DA:24,1
DA:25,1
DA:26,1
DA:27,1
DA:28,1
DA:31,1
DA:32,1
DA:33,1
DA:37,1
LF:20
LH:20
BRF:0
BRH:0
end_of_record
TN:
SF:/Users/conduct16/Projects/javascript-algorithms/assets/graphs/questions/trie/million_gazillion/million_gazillion.js
FN:80,MillionGazillion
FNF:1
FNH:1
FNDA:1,MillionGazillion
DA:80,1
DA:81,1
DA:84,14
DA:85,2
DA:86,2
DA:90,8
DA:92,8
DA:93,4
DA:94,4
DA:98,8
DA:102,2
DA:103,1
DA:104,1
DA:107,2
LF:14
LH:14
BRDA:92,0,0,4
BRDA:92,0,1,4
BRDA:84,1,0,2
BRDA:84,1,1,4
BRDA:102,2,0,1
BRDA:102,2,1,1
BRF:6
BRH:6
end_of_record
TN:
SF:/Users/conduct16/Projects/javascript-algorithms/assets/graphs/questions/trie/million_gazillion/test/million_gazillion.spec.js
FN:5,(anonymous_1)
FN:9,(anonymous_2)
FN:13,(anonymous_3)
FNF:3
FNH:3
FNDA:1,(anonymous_1)
FNDA:1,(anonymous_2)
FNDA:1,(anonymous_3)
DA:2,1
DA:3,1
DA:5,1
DA:6,1
DA:7,1
DA:9,1
DA:10,1
DA:13,1
DA:14,1
LF:9
LH:9
BRF:0
BRH:0
end_of_record
TN:
SF:/Users/conduct16/Projects/javascript-algorithms/assets/greedy/questions/highest_product_of_three/highest_product_of_three.js
FN:66,highestProduct
FNF:1
FNH:1
FNDA:2,highestProduct
DA:67,2
DA:73,1
DA:74,1
DA:76,1
DA:77,1
DA:81,1
DA:84,1
DA:85,6
DA:91,6
DA:98,6
DA:105,6
DA:112,6
DA:115,6
DA:118,1
LF:14
LH:14
BRDA:67,0,0,1
BRDA:67,0,1,1
BRF:2
BRH:2
end_of_record
TN:
SF:/Users/conduct16/Projects/javascript-algorithms/assets/greedy/questions/highest_product_of_three/test/highest_product_of_three.spec.js
FN:5,(anonymous_1)
FN:6,(anonymous_2)
FN:11,(anonymous_3)
FN:13,(anonymous_4)
FNF:4
FNH:4
FNDA:1,(anonymous_1)
FNDA:1,(anonymous_2)
FNDA:1,(anonymous_3)
FNDA:1,(anonymous_4)
DA:2,1
DA:3,1
DA:5,1
DA:6,1
DA:7,1
DA:8,1
DA:11,1
DA:12,1
DA:13,1
LF:9
LH:9
BRF:0
BRH:0
end_of_record
TN:
SF:/Users/conduct16/Projects/javascript-algorithms/assets/greedy/questions/merge_meeting_times/merge_meeting_times.js
FN:116,mergeTimes
FN:118,(anonymous_1)
FNF:2
FNH:2
FNDA:1,mergeTimes
FNDA:5,(anonymous_1)
DA:118,5
DA:121,1
DA:123,1
DA:124,4
DA:125,4
DA:128,4
DA:129,2
DA:133,2
DA:137,1
LF:9
LH:9
BRDA:118,0,0,1
BRDA:118,0,1,4
BRDA:128,1,0,2
BRDA:128,1,1,2
BRF:4
BRH:4
end_of_record
TN:
SF:/Users/conduct16/Projects/javascript-algorithms/assets/greedy/questions/merge_meeting_times/test/merge_meeting_times.spec.js
FN:5,(anonymous_1)
FN:6,(anonymous_2)
FNF:2
FNH:2
FNDA:1,(anonymous_1)
FNDA:1,(anonymous_2)
DA:2,1
DA:3,1
DA:5,1
DA:6,1
DA:7,1
DA:13,1
DA:17,1
LF:7
LH:7
BRF:0
BRH:0
end_of_record
TN:
SF:/Users/conduct16/Projects/javascript-algorithms/assets/greedy/questions/product_of_other_numbers/product_of_other_numbers.js
FN:82,productOfOthers
FNF:1
FNH:1
FNDA:4,productOfOthers
DA:84,4
DA:85,2
DA:88,2
DA:92,2
DA:93,2
DA:94,7
DA:95,7
DA:102,2
DA:103,2
DA:104,7
DA:105,7
DA:108,2
LF:12
LH:12
BRDA:84,0,0,2
BRDA:84,0,1,2
BRF:2
BRH:2
end_of_record
TN:
SF:/Users/conduct16/Projects/javascript-algorithms/assets/greedy/questions/product_of_other_numbers/test/product_of_other_numbers.spec.js
FN:5,(anonymous_1)
FN:6,(anonymous_2)
FN:11,(anonymous_3)
FN:12,(anonymous_4)
FN:13,(anonymous_5)
FNF:5
FNH:5
FNDA:1,(anonymous_1)
FNDA:1,(anonymous_2)
FNDA:1,(anonymous_3)
FNDA:1,(anonymous_4)
FNDA:1,(anonymous_5)
DA:2,1
DA:3,1
DA:5,1
DA:6,1
DA:7,1
DA:8,1
DA:11,1
DA:12,1
DA:13,1
LF:9
LH:9
BRF:0
BRH:0
end_of_record
TN:
SF:/Users/conduct16/Projects/javascript-algorithms/assets/greedy/questions/stock_market/stock_market.js
FN:58,getMaxProfit
FNF:1
FNH:1
FNDA:3,getMaxProfit
DA:60,3
DA:61,1
DA:66,2
DA:67,2
DA:75,2
DA:76,6
DA:80,6
DA:83,6
DA:87,6
DA:90,2
LF:10
LH:10
BRDA:60,0,0,1
BRDA:60,0,1,2
BRF:2
BRH:2
end_of_record
TN:
SF:/Users/conduct16/Projects/javascript-algorithms/assets/greedy/questions/stock_market/test/stock_market.spec.js
FN:5,(anonymous_1)
FN:6,(anonymous_2)
FN:11,(anonymous_3)
FN:12,(anonymous_4)
FNF:4
FNH:4
FNDA:1,(anonymous_1)
FNDA:1,(anonymous_2)
FNDA:1,(anonymous_3)
FNDA:1,(anonymous_4)
DA:2,1
DA:3,1
DA:5,1
DA:6,1
DA:7,1
DA:8,1
DA:11,1
DA:12,1
LF:8
LH:8
BRF:0
BRH:0
end_of_record
TN:
SF:/Users/conduct16/Projects/javascript-algorithms/assets/linked_lists/data_structures/singly_linked_list/singly_linked_list.js
FN:44,LinkedList
FNF:1
FNH:1
FNDA:29,LinkedList
DA:44,29
DA:45,29
DA:46,29
DA:63,43
DA:64,0
DA:68,43
DA:71,43
DA:72,43
DA:73,58
DA:74,58
DA:77,43
DA:93,99
DA:99,99
DA:100,67
DA:101,67
DA:106,32
DA:107,32
DA:110,32
DA:111,32
DA:115,99
DA:130,1
DA:131,1
DA:135,0
DA:136,0
DA:140,1
LF:25
LH:22
BRDA:63,0,0,0
BRDA:63,0,1,43
BRDA:99,1,0,67
BRDA:99,1,1,32
BRDA:130,2,0,1
BRDA:130,2,1,0
BRF:6
BRH:4
end_of_record
TN:
SF:/Users/conduct16/Projects/javascript-algorithms/assets/linked_lists/data_structures/singly_linked_list/test/singly_linked_list.spec.js
FN:5,(anonymous_1)
FN:6,(anonymous_2)
FN:13,(anonymous_3)
FN:23,(anonymous_4)
FN:33,(anonymous_5)
FNF:5
FNH:5
FNDA:1,(anonymous_1)
FNDA:1,(anonymous_2)
FNDA:1,(anonymous_3)
FNDA:1,(anonymous_4)
FNDA:1,(anonymous_5)
DA:2,1
DA:3,1
DA:5,1
DA:6,1
DA:7,1
DA:9,1
DA:10,1
DA:13,1
DA:14,1
DA:15,1
DA:16,1
DA:18,1
DA:19,1
DA:20,1
DA:23,1
DA:24,1
DA:25,1
DA:26,1
DA:27,1
DA:28,1
DA:30,1
DA:33,1
DA:34,1
DA:35,1
DA:37,1
DA:38,1
LF:26
LH:26
BRF:0
BRH:0
end_of_record
TN:
SF:/Users/conduct16/Projects/javascript-algorithms/assets/linked_lists/questions/add_two_numbers/add_two_numbers.js
FN:106,addTwoNumbers
FN:145,ListNode
FNF:2
FNH:2
FNDA:1,addTwoNumbers
FNDA:4,ListNode
DA:107,1
DA:108,1
DA:109,1
DA:110,1
DA:111,1
DA:115,1
DA:117,3
DA:118,3
DA:119,3
DA:120,3
DA:121,3
DA:122,3
DA:125,3
DA:126,3
DA:130,1
DA:131,0
DA:134,1
DA:146,4
DA:147,4
LF:19
LH:18
BRDA:115,0,0,4
BRDA:115,0,1,1
BRDA:117,1,0,3
BRDA:117,1,1,0
BRDA:118,2,0,3
BRDA:118,2,1,0
BRDA:125,3,0,3
BRDA:125,3,1,0
BRDA:126,4,0,3
BRDA:126,4,1,0
BRDA:130,5,0,0
BRDA:130,5,1,1
BRF:12
BRH:7
end_of_record
TN:
SF:/Users/conduct16/Projects/javascript-algorithms/assets/linked_lists/questions/add_two_numbers/test/add_two_numbers.spec.js
FN:5,(anonymous_1)
FN:6,(anonymous_2)
FNF:2
FNH:2
FNDA:1,(anonymous_1)
FNDA:1,(anonymous_2)
DA:2,1
DA:3,1
DA:5,1
DA:6,1
DA:8,1
DA:20,1
DA:32,1
DA:34,1
DA:35,1
DA:36,1
LF:10
LH:10
BRF:0
BRH:0
end_of_record
TN:
SF:/Users/conduct16/Projects/javascript-algorithms/assets/linked_lists/questions/delete_node/delete_node.js
FN:85,deleteNode
FNF:1
FNH:1
FNDA:2,deleteNode
DA:87,2
DA:89,2
DA:93,1
DA:94,1
DA:97,1
LF:5
LH:5
BRDA:89,0,0,1
BRDA:89,0,1,1
BRF:2
BRH:2
end_of_record
TN:
SF:/Users/conduct16/Projects/javascript-algorithms/assets/linked_lists/questions/delete_node/test/delete_node.spec.js
FN:6,(anonymous_1)
FN:12,(anonymous_2)
FN:23,(anonymous_3)
FN:26,(anonymous_4)
FNF:4
FNH:4
FNDA:1,(anonymous_1)
FNDA:1,(anonymous_2)
FNDA:1,(anonymous_3)
FNDA:1,(anonymous_4)
DA:2,1
DA:3,1
DA:4,1
DA:6,1
DA:7,1
DA:8,1
DA:9,1
DA:10,1
DA:12,1
DA:13,1
DA:16,1
DA:19,1
DA:20,1
DA:23,1
DA:25,1
DA:26,1
LF:16
LH:16
BRF:0
BRH:0
end_of_record
TN:
SF:/Users/conduct16/Projects/javascript-algorithms/assets/linked_lists/questions/intersection/intersection.js
FN:94,intersection
FN:117,getKthNode
FN:129,getTail
FNF:3
FNH:3
FNDA:2,intersection
FNDA:1,getKthNode
FNDA:4,getTail
DA:95,2
DA:98,2
DA:101,1
DA:102,1
DA:105,1
DA:108,1
DA:109,2
DA:110,2
DA:114,1
DA:118,1
DA:119,1
DA:121,1
DA:122,2
DA:123,2
DA:126,1
DA:130,4
DA:132,4
DA:133,4
DA:134,14
DA:137,4
LF:20
LH:20
BRDA:95,0,0,0
BRDA:95,0,1,2
BRDA:95,1,0,2
BRDA:95,1,1,2
BRDA:98,2,0,1
BRDA:98,2,1,1
BRDA:101,3,0,0
BRDA:101,3,1,1
BRDA:102,4,0,0
BRDA:102,4,1,1
BRDA:130,5,0,0
BRDA:130,5,1,4
BRF:12
BRH:8
end_of_record
TN:
SF:/Users/conduct16/Projects/javascript-algorithms/assets/linked_lists/questions/intersection/test/intersection.spec.js
FN:6,(anonymous_1)
FN:15,(anonymous_2)
FN:37,(anonymous_3)
FNF:3
FNH:3
FNDA:1,(anonymous_1)
FNDA:1,(anonymous_2)
FNDA:1,(anonymous_3)
DA:2,1
DA:3,1
DA:4,1
DA:6,1
DA:15,1
DA:16,1
DA:17,1
DA:18,1
DA:19,1
DA:20,1
DA:21,1
DA:22,1
DA:23,1
DA:25,1
DA:26,1
DA:27,1
DA:30,1
DA:31,1
DA:33,1
DA:34,1
DA:37,1
DA:38,1
DA:39,1
DA:40,1
DA:41,1
DA:43,1
DA:44,1
DA:45,1
DA:46,1
DA:48,1
LF:30
LH:30
BRF:0
BRH:0
end_of_record
TN:
SF:/Users/conduct16/Projects/javascript-algorithms/assets/linked_lists/questions/is_palindrome/is_palindrome.js
FN:58,isPalindrome
FNF:1
FNH:1
FNDA:5,isPalindrome
DA:59,5
DA:60,5
DA:61,5
DA:65,5
DA:66,6
DA:67,6
DA:68,6
DA:72,5
DA:73,5
DA:76,5
DA:77,6
DA:80,6
DA:81,4
DA:84,3
LF:14
LH:14
BRDA:65,0,0,11
BRDA:65,0,1,11
BRDA:72,1,0,5
BRDA:72,1,1,0
BRDA:80,2,0,2
BRDA:80,2,1,4
BRF:6
BRH:5
end_of_record
TN:
SF:/Users/conduct16/Projects/javascript-algorithms/assets/linked_lists/questions/is_palindrome/test/is_palindrome.spec.js
FN:6,(anonymous_1)
FN:7,(anonymous_2)
FN:33,(anonymous_3)
FNF:3
FNH:3
FNDA:1,(anonymous_1)
FNDA:1,(anonymous_2)
FNDA:1,(anonymous_3)
DA:2,1
DA:3,1
DA:4,1
DA:6,1
DA:7,1
DA:9,1
DA:10,1
DA:11,1
DA:12,1
DA:13,1
DA:14,1
DA:16,1
DA:19,1
DA:20,1
DA:21,1
DA:22,1
DA:24,1
DA:27,1
DA:28,1
DA:30,1
DA:33,1
DA:35,1
DA:36,1
DA:37,1
DA:38,1
DA:39,1
DA:40,1
DA:42,1
DA:45,1
DA:46,1
DA:47,1
DA:48,1
DA:50,1
LF:33
LH:33
BRF:0
BRH:0
end_of_record
TN:
SF:/Users/conduct16/Projects/javascript-algorithms/assets/linked_lists/questions/kth_to_last/kth_to_last.js
FN:91,kthToLast
FNF:1
FNH:1
FNDA:1,kthToLast
DA:92,1
DA:93,0
DA:99,1
DA:100,1
DA:102,1
DA:103,4
DA:104,4
DA:109,1
DA:110,0
DA:116,1
DA:117,1
DA:119,1
DA:120,3
DA:121,3
DA:124,1
LF:15
LH:13
BRDA:92,0,0,0
BRDA:92,0,1,1
BRDA:109,1,0,0
BRDA:109,1,1,1
BRF:4
BRH:2
end_of_record
TN:
SF:/Users/conduct16/Projects/javascript-algorithms/assets/linked_lists/questions/kth_to_last/test/kth_to_last.spec.js
FN:6,(anonymous_1)
FN:7,(anonymous_2)
FNF:2
FNH:2
FNDA:1,(anonymous_1)
FNDA:1,(anonymous_2)
DA:2,1
DA:3,1
DA:4,1
DA:6,1
DA:7,1
DA:8,1
DA:9,1
DA:10,1
DA:11,1
DA:12,1
DA:13,1
DA:15,1
DA:16,1
LF:13
LH:13
BRF:0
BRH:0
end_of_record
TN:
SF:/Users/conduct16/Projects/javascript-algorithms/assets/linked_lists/questions/loop_detection/loop_detection.js
FN:47,loopDetectionSet
FN:156,loopDetectionRunner
FNF:2
FNH:2
FNDA:4,loopDetectionSet
FNDA:1,loopDetectionRunner
DA:48,4
DA:49,4
DA:51,4
DA:53,18
DA:54,3
DA:58,15
DA:59,15
DA:63,1
DA:158,1
DA:159,1
DA:162,1
DA:163,1
DA:164,1
DA:167,1
DA:171,1
LF:15
LH:15
BRDA:53,0,0,3
BRDA:53,0,1,15
BRDA:162,1,0,2
BRDA:162,1,1,2
BRDA:167,2,0,0
BRDA:167,2,1,1
BRF:6
BRH:5
end_of_record
TN:
SF:/Users/conduct16/Projects/javascript-algorithms/assets/linked_lists/questions/loop_detection/test/loop_detection.spec.js
FN:6,(anonymous_1)
FN:7,(anonymous_2)
FN:36,(anonymous_3)
FN:47,(anonymous_4)
FN:48,(anonymous_5)
FN:65,(anonymous_6)
FNF:6
FNH:6
FNDA:1,(anonymous_1)
FNDA:1,(anonymous_2)
FNDA:1,(anonymous_3)
FNDA:1,(anonymous_4)
FNDA:1,(anonymous_5)
FNDA:1,(anonymous_6)
DA:2,1
DA:3,1
DA:4,1
DA:6,1
DA:7,1
DA:9,1
DA:10,1
DA:11,1
DA:12,1
DA:13,1
DA:14,1
DA:17,1
DA:18,1
DA:20,1
DA:21,1
DA:24,1
DA:25,1
DA:26,1
DA:29,1
DA:30,1
DA:32,1
DA:33,1
DA:36,1
DA:38,1
DA:39,1
DA:40,1
DA:41,1
DA:43,1
DA:47,1
DA:48,1
DA:50,1
DA:51,1
DA:52,1
DA:53,1
DA:54,1
DA:55,1
DA:58,1
DA:59,1
DA:61,1
DA:62,1
DA:65,1
DA:67,1
DA:68,1
DA:69,1
DA:70,1
DA:72,1
LF:46
LH:46
BRF:0
BRH:0
end_of_record
TN:
SF:/Users/conduct16/Projects/javascript-algorithms/assets/linked_lists/questions/partition/partition.js
FN:43,partitionList
FNF:1
FNH:1
FNDA:1,partitionList
DA:44,1
DA:45,1
DA:46,1
DA:49,1
DA:50,7
DA:53,7
DA:55,3
DA:56,3
DA:60,4
DA:61,4
DA:65,7
DA:69,1
DA:71,1
LF:13
LH:13
BRDA:53,0,0,3
BRDA:53,0,1,4
BRF:2
BRH:2
end_of_record
TN:
SF:/Users/conduct16/Projects/javascript-algorithms/assets/linked_lists/questions/partition/test/partition.spec.js
FN:6,(anonymous_1)
FN:7,(anonymous_2)
FNF:2
FNH:2
FNDA:1,(anonymous_1)
FNDA:1,(anonymous_2)
DA:2,1
DA:3,1
DA:4,1
DA:6,1
DA:7,1
DA:9,1
DA:10,1
DA:11,1
DA:12,1
DA:13,1
DA:14,1
DA:15,1
DA:16,1
DA:18,1
DA:22,1
DA:24,1
LF:16
LH:16
BRF:0
BRH:0
end_of_record
TN:
SF:/Users/conduct16/Projects/javascript-algorithms/assets/linked_lists/questions/remove_duplicates/remove_duplicates.js
FN:37,removeDuplicates
FN:87,removeDuplicatesNoBuffer
FNF:2
FNH:2
FNDA:1,removeDuplicates
FNDA:1,removeDuplicatesNoBuffer
DA:39,1
DA:42,1
DA:45,1
DA:46,1
DA:48,1
DA:50,5
DA:51,1
DA:52,1
DA:57,4
DA:58,4
DA:61,5
DA:64,1
DA:89,1
DA:91,1
DA:94,1
DA:95,4
DA:98,4
DA:100,8
DA:101,1
DA:102,1
DA:106,7
DA:110,4
DA:113,1
LF:23
LH:23
BRDA:39,0,0,0
BRDA:39,0,1,1
BRDA:50,1,0,1
BRDA:50,1,1,4
BRDA:89,2,0,0
BRDA:89,2,1,1
BRDA:100,3,0,1
BRDA:100,3,1,7
BRF:8
BRH:6
end_of_record
TN:
SF:/Users/conduct16/Projects/javascript-algorithms/assets/linked_lists/questions/remove_duplicates/test/remove_duplicates.spec.js
FN:6,(anonymous_1)
FN:7,(anonymous_2)
FN:26,(anonymous_3)
FN:27,(anonymous_4)
FNF:4
FNH:4
FNDA:1,(anonymous_1)
FNDA:1,(anonymous_2)
FNDA:1,(anonymous_3)
FNDA:1,(anonymous_4)
DA:2,1
DA:3,1
DA:4,1
DA:6,1
DA:7,1
DA:8,1
DA:9,1
DA:10,1
DA:11,1
DA:12,1
DA:13,1
DA:15,1
DA:16,1
DA:19,1
DA:21,1
DA:22,1
DA:26,1
DA:27,1
DA:28,1
DA:29,1
DA:30,1
DA:31,1
DA:32,1
DA:33,1
DA:35,1
DA:36,1
DA:39,1
DA:41,1
DA:42,1
LF:29
LH:29
BRF:0
BRH:0
end_of_record
TN:
SF:/Users/conduct16/Projects/javascript-algorithms/assets/linked_lists/questions/reverse_linked_list/reverse_linked_list.js
FN:55,reverseLinkedList
FNF:1
FNH:1
FNDA:1,reverseLinkedList
DA:56,1
DA:57,1
DA:58,1
DA:61,1
DA:64,4
DA:67,4
DA:70,4
DA:71,4
DA:75,1
LF:9
LH:9
BRF:0
BRH:0
end_of_record
TN:
SF:/Users/conduct16/Projects/javascript-algorithms/assets/linked_lists/questions/reverse_linked_list/test/reverse_linked_list.spec.js
FN:6,(anonymous_1)
FN:7,(anonymous_2)
FNF:2
FNH:2
FNDA:1,(anonymous_1)
FNDA:1,(anonymous_2)
DA:2,1
DA:3,1
DA:4,1
DA:6,1
DA:7,1
DA:8,1
DA:9,1
DA:10,1
DA:11,1
DA:12,1
DA:14,1
DA:15,1
LF:12
LH:12
BRF:0
BRH:0
end_of_record
TN:
SF:/Users/conduct16/Projects/javascript-algorithms/assets/linked_lists/questions/swap_pairs/swap_pairs.js
FN:29,swapPairsRecursive
FN:55,swapPairs
FNF:2
FNH:2
FNDA:3,swapPairsRecursive
FNDA:1,swapPairs
DA:31,3
DA:34,2
DA:36,2
DA:37,2
DA:38,2
DA:56,1
DA:58,1
DA:59,1
DA:60,1
DA:61,2
DA:62,2
DA:63,2
DA:64,2
DA:65,2
DA:66,2
DA:69,1
LF:16
LH:16
BRDA:31,0,0,1
BRDA:31,0,1,2
BRDA:31,1,0,3
BRDA:31,1,1,2
BRDA:56,2,0,0
BRDA:56,2,1,1
BRDA:56,3,0,1
BRDA:56,3,1,1
BRDA:60,4,0,3
BRDA:60,4,1,2
BRDA:66,5,0,1
BRDA:66,5,1,1
BRDA:66,6,0,2
BRDA:66,6,1,1
BRF:14
BRH:13
end_of_record
TN:
SF:/Users/conduct16/Projects/javascript-algorithms/assets/linked_lists/questions/swap_pairs/test/swap_pairs.spec.js
FN:6,(anonymous_1)
FN:7,(anonymous_2)
FN:23,(anonymous_3)
FN:24,(anonymous_4)
FNF:4
FNH:4
FNDA:1,(anonymous_1)
FNDA:1,(anonymous_2)
FNDA:1,(anonymous_3)
FNDA:1,(anonymous_4)
DA:2,1
DA:3,1
DA:4,1
DA:6,1
DA:7,1
DA:9,1
DA:10,1
DA:11,1
DA:12,1
DA:13,1
DA:16,1
DA:17,1
DA:18,1
DA:19,1
DA:23,1
DA:24,1
DA:26,1
DA:27,1
DA:28,1
DA:29,1
DA:30,1
DA:33,1
DA:34,1
DA:35,1
DA:36,1
LF:25
LH:25
BRF:0
BRH:0
end_of_record
TN:
SF:/Users/conduct16/Projects/javascript-algorithms/assets/math/questions/five-sided-die/five_sided_die.js
FN:62,rand5
FN:77,rand7
FNF:2
FNH:2
FNDA:2,rand5
FNDA:4,rand7
DA:63,2
DA:64,2
DA:65,2
DA:68,2
DA:78,4
LF:5
LH:5
BRF:0
BRH:0
end_of_record
TN:
[...]
DA:59,3
DA:60,3
DA:61,3
LF:8
LH:8
BRDA:54,0,0,3
BRDA:54,0,1,4
BRDA:58,1,0,3
BRDA:58,1,1,1
BRF:4
BRH:4
end_of_record
TN:
SF:/Users/conduct16/Projects/javascript-algorithms/assets/sort/algorithms/selection_sort/tests/selection_sort.spec.js
FN:5,(anonymous_1)
FN:6,(anonymous_2)
FNF:2
FNH:2
FNDA:1,(anonymous_1)
FNDA:1,(anonymous_2)
DA:2,1
DA:3,1
DA:5,1
DA:6,1
DA:7,1
DA:8,1
DA:9,1
DA:11,1
DA:12,1
DA:13,1
LF:10
LH:10
BRF:0
BRH:0
end_of_record
TN:
SF:/Users/conduct16/Projects/javascript-algorithms/assets/sort/questions/group_anagrams/group_anagrams.js
FN:49,groupAnagrams
FNF:1
FNH:1
FNDA:1,groupAnagrams
DA:49,7
DA:50,1
DA:53,1
DA:54,8
DA:57,8
DA:58,3
DA:60,5
DA:65,1
DA:66,40
DA:67,8
DA:68,8
DA:69,8
LF:12
LH:12
BRDA:57,0,0,3
BRDA:57,0,1,5
BRDA:66,1,0,5
BRDA:66,1,1,10
BRDA:49,2,0,1
BRDA:49,2,1,2
BRF:6
BRH:6
end_of_record
TN:
SF:/Users/conduct16/Projects/javascript-algorithms/assets/sort/questions/group_anagrams/test/group_anagrams.spec.js
FN:5,(anonymous_1)
FN:6,(anonymous_2)
FNF:2
FNH:2
FNDA:1,(anonymous_1)
FNDA:1,(anonymous_2)
DA:2,1
DA:3,1
DA:5,1
DA:6,1
DA:7,1
DA:8,1
DA:11,1
DA:12,1
DA:13,1
LF:9
LH:9
BRF:0
BRH:0
end_of_record
TN:
SF:/Users/conduct16/Projects/javascript-algorithms/assets/sort/questions/merge_sorted_arrays/merge_sorted_arrays.js
FN:100,mergeSorted
FNF:1
FNH:1
FNDA:2,mergeSorted
DA:102,2
DA:103,2
DA:104,2
DA:105,2
DA:107,2
DA:108,12
DA:109,12
DA:114,12
DA:115,6
DA:116,6
DA:120,6
DA:121,6
DA:124,12
DA:127,2
LF:14
LH:14
BRDA:114,0,0,6
BRDA:114,0,1,6
BRDA:114,1,0,12
BRDA:114,1,1,11
BRDA:114,1,2,11
BRF:5
BRH:5
end_of_record
TN:
SF:/Users/conduct16/Projects/javascript-algorithms/assets/sort/questions/merge_sorted_arrays/test/merge_sorted_arrays.spec.js
FN:5,(anonymous_1)
FN:6,(anonymous_2)
FN:12,(anonymous_3)
FNF:3
FNH:3
FNDA:1,(anonymous_1)
FNDA:1,(anonymous_2)
FNDA:1,(anonymous_3)
DA:2,1
DA:3,1
DA:5,1
DA:6,1
DA:7,1
DA:8,1
DA:9,1
DA:12,1
DA:13,1
LF:9
LH:9
BRF:0
BRH:0
end_of_record
TN:
SF:/Users/conduct16/Projects/javascript-algorithms/assets/sort/questions/sorted_search_no_size/sorted_search_no_size.js
FN:68,indexAtListy
FNF:1
FNH:1
FNDA:6,indexAtListy
DA:70,6
DA:71,6
DA:72,9
DA:76,6
DA:77,6
DA:80,6
DA:82,14
DA:85,14
DA:88,11
DA:89,2
DA:93,9
DA:98,3
LF:12
LH:12
BRDA:71,0,0,15
BRDA:71,0,1,12
BRDA:85,1,0,3
BRDA:85,1,1,11
BRDA:88,2,0,2
BRDA:88,2,1,9
BRDA:88,3,0,11
BRDA:88,3,1,9
BRF:8
BRH:8
end_of_record
TN:
SF:/Users/conduct16/Projects/javascript-algorithms/assets/sort/questions/sorted_search_no_size/test/sorted_search_no_size.spec.js
FN:6,Listy
FN:15,(anonymous_8)
FN:16,(anonymous_9)
FN:31,(anonymous_10)
FNF:4
FNH:4
FNDA:2,Listy
FNDA:1,(anonymous_8)
FNDA:1,(anonymous_9)
FNDA:1,(anonymous_10)
DA:2,1
DA:3,1
DA:6,2
DA:7,2
DA:11,27
DA:15,1
DA:16,1
DA:17,1
DA:18,1
DA:19,1
DA:20,1
DA:21,1
DA:22,1
DA:23,1
DA:24,1
DA:26,1
DA:27,1
DA:28,1
DA:31,1
DA:32,1
DA:33,1
DA:34,1
DA:35,1
DA:37,1
DA:38,1
DA:39,1
LF:26
LH:26
BRDA:11,0,0,24
BRDA:11,0,1,3
BRF:2
BRH:2
end_of_record
TN:
SF:/Users/conduct16/Projects/javascript-algorithms/assets/sort/questions/top_scores/top_scores.js
FN:98,topScores
FN:106,(anonymous_1)
FN:114,(anonymous_2)
FNF:3
FNH:3
FNDA:3,topScores
FNDA:10,(anonymous_1)
FNDA:303,(anonymous_2)
DA:100,3
DA:101,3
DA:102,303
DA:106,3
DA:107,10
DA:111,3
DA:114,3
DA:116,303
DA:117,10
DA:121,3
LF:10
LH:10
BRF:0
BRH:0
end_of_record
TN:
SF:/Users/conduct16/Projects/javascript-algorithms/assets/sort/questions/top_scores/test/top_scores.spec.js
FN:5,(anonymous_1)
FN:6,(anonymous_2)
FNF:2
FNH:2
FNDA:1,(anonymous_1)
FNDA:1,(anonymous_2)
DA:2,1
DA:3,1
DA:5,1
DA:6,1
DA:7,1
DA:8,1
DA:9,1
LF:7
LH:7
BRF:0
BRH:0
end_of_record
TN:
SF:/Users/conduct16/Projects/javascript-algorithms/assets/strings/questions/_longest_substring_no_repeats/longest_substring_no_repeats.js
FN:68,longestSubstringBrute
FN:91,allUnique
FN:147,longestSubstring
FN:200,longestSubstringMap
FNF:4
FNH:3
FNDA:6,longestSubstringBrute
FNDA:92,allUnique
FNDA:0,longestSubstring
FNDA:6,longestSubstringMap
DA:69,6
DA:71,6
DA:72,26
DA:73,86
DA:74,47
DA:79,6
DA:92,92
DA:94,92
DA:95,203
DA:96,161
DA:99,50
DA:148,0
DA:149,0
DA:150,0
DA:151,0
DA:153,0
DA:155,0
DA:156,0
DA:157,0
DA:158,0
DA:160,0
DA:161,0
DA:165,0
DA:201,6
DA:202,6
DA:205,6
DA:208,6
DA:209,26
DA:210,12
DA:213,26
DA:214,26
DA:217,6
LF:32
LH:20
BRDA:73,0,0,47
BRDA:73,0,1,39
BRDA:95,1,0,42
BRDA:95,1,1,161
BRDA:153,2,0,0
BRDA:153,2,1,0
BRDA:155,3,0,0
BRDA:155,3,1,0
BRDA:205,4,0,0
BRDA:205,4,1,6
BRDA:209,5,0,12
BRDA:209,5,1,14
BRF:12
BRH:7
end_of_record
TN:
SF:/Users/conduct16/Projects/javascript-algorithms/assets/strings/questions/_longest_substring_no_repeats/test/longest_substring_no_repeats.spec.js
FN:10,(anonymous_0)
FN:11,(anonymous_1)
FN:21,(anonymous_2)
FN:22,(anonymous_3)
FN:28,(anonymous_4)
FN:46,(anonymous_5)
FN:47,(anonymous_6)
FNF:7
FNH:7
FNDA:1,(anonymous_0)
FNDA:1,(anonymous_1)
FNDA:1,(anonymous_2)
FNDA:1,(anonymous_3)
FNDA:1,(anonymous_4)
FNDA:1,(anonymous_5)
FNDA:1,(anonymous_6)
DA:2,1
DA:3,1
DA:10,1
DA:11,1
DA:12,1
DA:13,1
DA:14,1
DA:15,1
DA:16,1
DA:17,1
DA:21,1
DA:22,1
DA:23,1
DA:24,1
DA:25,1
DA:28,1
DA:29,1
DA:30,1
DA:31,1
DA:46,1
DA:47,1
DA:48,1
DA:49,1
DA:50,1
DA:51,1
DA:52,1
DA:53,1
LF:27
LH:27
BRF:0
BRH:0
end_of_record
TN:
SF:/Users/conduct16/Projects/javascript-algorithms/assets/strings/questions/bracket_validator/bracket_validator.js
FN:65,bracketValidator
FNF:1
FNH:1
FNDA:3,bracketValidator
DA:65,21
DA:67,3
DA:74,3
DA:75,3
DA:78,3
DA:80,23
DA:81,23
DA:82,8
DA:83,15
DA:84,5
DA:85,0
DA:89,5
DA:93,1
LF:13
LH:12
BRDA:81,0,0,8
BRDA:81,0,1,15
BRDA:83,1,0,5
BRDA:83,1,1,10
BRDA:84,2,0,0
BRDA:84,2,1,5
BRDA:89,3,0,2
BRDA:89,3,1,3
BRDA:65,4,0,3
BRDA:65,4,1,8
BRF:10
BRH:9
end_of_record
TN:
SF:/Users/conduct16/Projects/javascript-algorithms/assets/strings/questions/bracket_validator/test/bracket_validator.spec.js
FN:5,(anonymous_1)
FN:6,(anonymous_2)
FN:10,(anonymous_3)
FNF:3
FNH:3
FNDA:1,(anonymous_1)
FNDA:1,(anonymous_2)
FNDA:1,(anonymous_3)
DA:2,1
DA:3,1
DA:5,1
DA:6,1
DA:7,1
DA:10,1
DA:11,1
DA:12,1
LF:8
LH:8
BRF:0
BRH:0
end_of_record
TN:
SF:/Users/conduct16/Projects/javascript-algorithms/assets/strings/questions/check_permutation/check_permutation.js
FN:41,isPermutation
FN:89,isPermutationSort
FNF:2
FNH:2
FNDA:6,isPermutation
FNDA:6,isPermutationSort
DA:41,70
DA:43,6
DA:46,5
DA:47,15
DA:48,15
DA:52,12
DA:53,12
DA:56,12
DA:59,10
DA:60,10
DA:62,0
DA:66,3
DA:91,6
DA:94,5
LF:14
LH:13
BRDA:43,0,0,1
BRDA:43,0,1,5
BRDA:48,1,0,15
BRDA:48,1,1,15
BRDA:41,2,0,10
BRDA:41,2,1,22
BRDA:56,3,0,2
BRDA:56,3,1,10
BRDA:59,4,0,10
BRDA:59,4,1,0
BRDA:91,5,0,1
BRDA:91,5,1,5
BRF:12
BRH:11
end_of_record
TN:
SF:/Users/conduct16/Projects/javascript-algorithms/assets/strings/questions/check_permutation/test/check_permutation.spec.js
FN:5,(anonymous_0)
FN:6,(anonymous_1)
FN:12,(anonymous_2)
FN:16,(anonymous_3)
FN:22,(anonymous_4)
FN:23,(anonymous_5)
FN:29,(anonymous_6)
FN:33,(anonymous_7)
FNF:8
FNH:8
FNDA:1,(anonymous_0)
FNDA:1,(anonymous_1)
FNDA:1,(anonymous_2)
FNDA:1,(anonymous_3)
FNDA:1,(anonymous_4)
FNDA:1,(anonymous_5)
FNDA:1,(anonymous_6)
FNDA:1,(anonymous_7)
DA:2,1
DA:3,1
DA:5,1
DA:6,1
DA:7,1
DA:8,1
DA:9,1
DA:12,1
DA:13,1
DA:16,1
DA:17,1
DA:18,1
DA:22,1
DA:23,1
DA:24,1
DA:25,1
DA:26,1
DA:29,1
DA:30,1
DA:33,1
DA:34,1
DA:35,1
LF:22
LH:22
BRF:0
BRH:0
end_of_record
TN:
SF:/Users/conduct16/Projects/javascript-algorithms/assets/strings/questions/first_unique_character/first_unique_character.js
FN:41,firstUniqueChar
FNF:1
FNH:1
FNDA:4,firstUniqueChar
DA:41,56
DA:43,4
DA:44,28
DA:45,28
DA:49,12
DA:50,12
DA:51,2
DA:55,2
LF:8
LH:8
BRDA:45,0,0,28
BRDA:45,0,1,17
BRDA:41,1,0,8
BRDA:41,1,1,18
BRDA:50,2,0,2
BRDA:50,2,1,10
BRF:6
BRH:6
end_of_record
TN:
SF:/Users/conduct16/Projects/javascript-algorithms/assets/strings/questions/first_unique_character/test/first_unique_character.spec.js
FN:5,(anonymous_1)
FN:6,(anonymous_2)
FN:11,(anonymous_3)
FNF:3
FNH:3
FNDA:1,(anonymous_1)
FNDA:1,(anonymous_2)
FNDA:1,(anonymous_3)
DA:2,1
DA:3,1
DA:5,1
DA:6,1
DA:7,1
DA:8,1
DA:11,1
DA:12,1
DA:13,1
LF:9
LH:9
BRF:0
BRH:0
end_of_record
TN:
SF:/Users/conduct16/Projects/javascript-algorithms/assets/strings/questions/is_unique/is_unique.js
FN:38,isUnique
FN:79,isUniqueSort
FNF:2
FNH:2
FNDA:6,isUnique
FNDA:6,isUniqueSort
DA:38,42
DA:40,6
DA:43,6
DA:46,41
DA:47,41
DA:48,39
DA:51,4
DA:81,6
DA:84,6
DA:87,6
DA:88,35
DA:89,2
DA:93,4
LF:13
LH:13
BRDA:40,0,0,0
BRDA:40,0,1,6
BRDA:47,1,0,2
BRDA:47,1,1,39
BRDA:38,2,0,6
BRDA:38,2,1,14
BRDA:81,3,0,0
BRDA:81,3,1,6
BRDA:88,4,0,2
BRDA:88,4,1,33
BRF:10
BRH:8
end_of_record
TN:
SF:/Users/conduct16/Projects/javascript-algorithms/assets/strings/questions/is_unique/test/is_unique.spec.js
FN:5,(anonymous_0)
FN:6,(anonymous_1)
FN:13,(anonymous_2)
FN:19,(anonymous_3)
FN:20,(anonymous_4)
FN:27,(anonymous_5)
FNF:6
FNH:6
FNDA:1,(anonymous_0)
FNDA:1,(anonymous_1)
FNDA:1,(anonymous_2)
FNDA:1,(anonymous_3)
FNDA:1,(anonymous_4)
FNDA:1,(anonymous_5)
DA:2,1
DA:3,1
DA:5,1
DA:6,1
DA:7,1
DA:8,1
DA:9,1
DA:10,1
DA:13,1
DA:14,1
DA:15,1
DA:19,1
DA:20,1
DA:21,1
DA:22,1
DA:23,1
DA:24,1
DA:27,1
DA:28,1
DA:29,1
LF:20
LH:20
BRF:0
BRH:0
end_of_record
TN:
SF:/Users/conduct16/Projects/javascript-algorithms/assets/strings/questions/isomorphic_strings/isomorphic_strings.js
FN:56,isIsomorphic
FNF:1
FNH:1
FNDA:4,isIsomorphic
DA:58,4
DA:61,3
DA:62,3
DA:63,11
DA:64,11
DA:66,11
DA:67,8
DA:68,3
DA:69,1
DA:73,2
LF:10
LH:10
BRDA:58,0,0,1
BRDA:58,0,1,3
BRDA:66,1,0,8
BRDA:66,1,1,3
BRDA:68,2,0,1
BRDA:68,2,1,2
BRF:6
BRH:6
end_of_record
TN:
SF:/Users/conduct16/Projects/javascript-algorithms/assets/strings/questions/isomorphic_strings/test/isomorphic_strings.spec.js
FN:5,(anonymous_1)
FN:6,(anonymous_2)
FN:11,(anonymous_3)
FN:15,(anonymous_4)
FNF:4
FNH:4
FNDA:1,(anonymous_1)
FNDA:1,(anonymous_2)
FNDA:1,(anonymous_3)
FNDA:1,(anonymous_4)
DA:2,1
DA:3,1
DA:5,1
DA:6,1
DA:7,1
DA:8,1
DA:11,1
DA:12,1
DA:15,1
DA:16,1
LF:10
LH:10
BRF:0
BRH:0
end_of_record
TN:
SF:/Users/conduct16/Projects/javascript-algorithms/assets/strings/questions/longest_palindromic_substring/longest_palindromic_substring.js
FN:63,longestPalindromeBrute
FN:95,isPalindrome
FN:198,longestPalindromeDP
FN:319,longestPalindrome
FN:358,expand
FNF:5
FNH:5
FNDA:8,longestPalindromeBrute
FNDA:180,isPalindrome
FNDA:8,longestPalindromeDP
FNDA:8,longestPalindrome
FNDA:78,expand
DA:65,8
DA:68,8
DA:71,7
DA:72,39
DA:74,172
DA:76,19
DA:77,10
DA:83,7
DA:96,180
DA:97,207
DA:98,51
DA:99,51
DA:102,24
DA:199,8
DA:200,8
DA:203,8
DA:204,8
DA:205,40
DA:209,8
DA:210,40
DA:214,8
DA:215,32
DA:216,6
DA:217,6
DA:218,6
DA:223,8
DA:224,25
DA:225,101
DA:229,101
DA:230,13
DA:231,13
DA:232,13
DA:237,8
DA:320,8
DA:321,8
DA:324,8
DA:327,7
DA:328,39
DA:330,39
DA:331,14
DA:332,14
DA:337,7
DA:338,39
DA:340,39
DA:341,1
DA:342,1
DA:346,7
DA:359,78
DA:361,19
DA:362,19
DA:365,78
LF:51
LH:51
BRDA:68,0,0,1
BRDA:68,0,1,7
BRDA:74,1,0,19
BRDA:74,1,1,153
BRDA:76,2,0,10
BRDA:76,2,1,9
BRDA:97,3,0,156
BRDA:97,3,1,51
BRDA:215,4,0,6
BRDA:215,4,1,26
BRDA:229,5,0,13
BRDA:229,5,1,88
BRDA:229,6,0,101
BRDA:229,6,1,19
BRDA:324,7,0,1
BRDA:324,7,1,7
BRDA:330,8,0,14
BRDA:330,8,1,25
BRDA:340,9,0,1
BRDA:340,9,1,38
BRDA:359,10,0,97
BRDA:359,10,1,84
BRDA:359,10,2,67
BRF:23
BRH:23
end_of_record
TN:
SF:/Users/conduct16/Projects/javascript-algorithms/assets/strings/questions/longest_palindromic_substring/test/longest_palindromic_substring.spec.js
FN:10,(anonymous_0)
FN:11,(anonymous_1)
FN:23,(anonymous_2)
FN:24,(anonymous_3)
FN:32,(anonymous_4)
FN:39,(anonymous_5)
FN:40,(anonymous_6)
FN:52,(anonymous_7)
FN:53,(anonymous_8)
FNF:9
FNH:9
FNDA:1,(anonymous_0)
FNDA:1,(anonymous_1)
FNDA:1,(anonymous_2)
FNDA:1,(anonymous_3)
FNDA:1,(anonymous_4)
FNDA:1,(anonymous_5)
FNDA:1,(anonymous_6)
FNDA:1,(anonymous_7)
FNDA:1,(anonymous_8)
DA:2,1
DA:3,1
DA:10,1
DA:11,1
DA:12,1
DA:13,1
DA:14,1
DA:15,1
DA:16,1
DA:17,1
DA:18,1
DA:19,1
DA:23,1
DA:24,1
DA:25,1
DA:26,1
DA:27,1
DA:28,1
DA:29,1
DA:32,1
DA:33,1
DA:34,1
DA:35,1
DA:39,1
DA:40,1
DA:41,1
DA:42,1
DA:43,1
DA:44,1
DA:45,1
DA:46,1
DA:47,1
DA:48,1
DA:52,1
DA:53,1
DA:54,1
DA:55,1
DA:56,1
DA:57,1
DA:58,1
DA:59,1
DA:60,1
DA:61,1
LF:43
LH:43
BRF:0
BRH:0
end_of_record
TN:
SF:/Users/conduct16/Projects/javascript-algorithms/assets/strings/questions/one_away/one_away.js
FN:44,oneAway
FNF:1
FNH:1
FNDA:4,oneAway
DA:44,56
DA:46,4
DA:49,4
DA:50,17
DA:51,17
DA:55,14
DA:56,14
DA:58,14
DA:59,12
DA:60,12
DA:62,0
DA:67,4
LF:12
LH:11
BRDA:46,0,0,0
BRDA:46,0,1,4
BRDA:51,1,0,17
BRDA:51,1,1,17
BRDA:44,2,0,8
BRDA:44,2,1,16
BRDA:58,3,0,12
BRDA:58,3,1,2
BRDA:59,4,0,12
BRDA:59,4,1,0
BRF:10
BRH:8
end_of_record
TN:
SF:/Users/conduct16/Projects/javascript-algorithms/assets/strings/questions/one_away/test/one_away.spec.js
FN:5,(anonymous_1)
FN:6,(anonymous_2)
FN:12,(anonymous_3)
FNF:3
FNH:3
FNDA:1,(anonymous_1)
FNDA:1,(anonymous_2)
FNDA:1,(anonymous_3)
DA:2,1
DA:3,1
DA:5,1
DA:6,1
DA:7,1
DA:8,1
DA:9,1
DA:12,1
DA:13,1
LF:9
LH:9
BRF:0
BRH:0
end_of_record
TN:
SF:/Users/conduct16/Projects/javascript-algorithms/assets/strings/questions/palindrome_permutation/palindrome_permutation.js
FN:57,isPalidromePermutation
FNF:1
FNH:1
FNDA:6,isPalidromePermutation
DA:57,42
DA:59,6
DA:60,30
DA:62,30
DA:63,9
DA:67,21
DA:71,6
LF:7
LH:7
BRDA:62,0,0,9
BRDA:62,0,1,21
BRDA:57,1,0,6
BRDA:57,1,1,12
BRF:4
BRH:4
end_of_record
TN:
SF:/Users/conduct16/Projects/javascript-algorithms/assets/strings/questions/palindrome_permutation/test/palindrome_permutation.spec.js
FN:5,(anonymous_1)
FN:6,(anonymous_2)
FN:13,(anonymous_3)
FNF:3
FNH:3
FNDA:1,(anonymous_1)
FNDA:1,(anonymous_2)
FNDA:1,(anonymous_3)
DA:2,1
DA:3,1
DA:5,1
DA:6,1
DA:7,1
DA:8,1
DA:9,1
DA:10,1
DA:13,1
DA:14,1
DA:15,1
LF:11
LH:11
BRF:0
BRH:0
end_of_record
TN:
SF:/Users/conduct16/Projects/javascript-algorithms/assets/strings/questions/parenthesis_matching/parenthesis_matching.js
FN:45,parenthesisMatching
FNF:1
FNH:1
FNDA:6,parenthesisMatching
DA:47,6
DA:48,1
DA:51,5
DA:52,5
DA:53,106
DA:55,106
DA:56,3
DA:57,103
DA:58,7
DA:59,4
DA:62,3
DA:66,1
LF:12
LH:12
BRDA:47,0,0,1
BRDA:47,0,1,5
BRDA:55,1,0,3
BRDA:55,1,1,103
BRDA:57,2,0,7
BRDA:57,2,1,96
BRDA:58,3,0,4
BRDA:58,3,1,3
BRF:8
BRH:8
end_of_record
TN:
SF:/Users/conduct16/Projects/javascript-algorithms/assets/strings/questions/parenthesis_matching/test/parenthesis_matching.spec.js
FN:5,(anonymous_1)
FN:6,(anonymous_2)
FN:13,(anonymous_3)
FN:14,(anonymous_4)
FN:17,(anonymous_5)
FN:18,(anonymous_6)
FNF:6
FNH:6
FNDA:1,(anonymous_1)
FNDA:1,(anonymous_2)
FNDA:1,(anonymous_3)
FNDA:1,(anonymous_4)
FNDA:1,(anonymous_5)
FNDA:1,(anonymous_6)
DA:2,1
DA:3,1
DA:5,1
DA:6,1
DA:7,1
DA:8,1
DA:9,1
DA:10,1
DA:13,1
DA:14,1
DA:17,1
DA:18,1
LF:12
LH:12
BRF:0
BRH:0
end_of_record
TN:
SF:/Users/conduct16/Projects/javascript-algorithms/assets/strings/questions/ransom_note/ransom_note.js
FN:79,canMakeRansomNote
FNF:1
FNH:1
FNDA:8,canMakeRansomNote
DA:79,112
DA:81,8
DA:83,32
DA:85,32
DA:87,26
DA:92,25
DA:93,25
DA:96,25
DA:98,21
DA:99,16
DA:101,5
DA:106,25
DA:109,3
LF:13
LH:13
BRDA:85,0,0,26
BRDA:85,0,1,6
BRDA:87,1,0,26
BRDA:87,1,1,25
BRDA:79,2,0,16
BRDA:79,2,1,37
BRDA:96,3,0,21
BRDA:96,3,1,4
BRDA:96,4,0,25
BRDA:96,4,1,8
BRDA:98,5,0,16
BRDA:98,5,1,5
BRDA:106,6,0,5
BRDA:106,6,1,20
BRF:14
BRH:14
end_of_record
TN:
SF:/Users/conduct16/Projects/javascript-algorithms/assets/strings/questions/ransom_note/test/ransom_note.spec.js
FN:5,(anonymous_1)
FN:6,(anonymous_2)
FN:10,(anonymous_3)
FN:15,(anonymous_4)
FNF:4
FNH:4
FNDA:1,(anonymous_1)
FNDA:1,(anonymous_2)
FNDA:1,(anonymous_3)
FNDA:1,(anonymous_4)
DA:2,1
DA:3,1
DA:5,1
DA:6,1
DA:7,1
DA:10,1
DA:11,1
DA:12,1
DA:15,1
DA:16,1
DA:17,1
DA:18,1
DA:19,1
DA:20,1
LF:14
LH:14
BRF:0
BRH:0
end_of_record
TN:
SF:/Users/conduct16/Projects/javascript-algorithms/assets/strings/questions/recursive_string_permutations/recursive_string_permutations.js
FN:74,recursivePerms
FN:90,(anonymous_1)
FNF:2
FNH:2
FNDA:7,recursivePerms
FNDA:12,(anonymous_1)
DA:76,7
DA:77,2
DA:80,5
DA:81,5
DA:85,5
DA:89,5
DA:90,5
DA:91,12
DA:92,40
DA:96,5
LF:10
LH:10
BRDA:76,0,0,2
BRDA:76,0,1,5
BRF:2
BRH:2
end_of_record
TN:
SF:/Users/conduct16/Projects/javascript-algorithms/assets/strings/questions/recursive_string_permutations/test/recursive_string_permutations.spec.js
FN:5,(anonymous_1)
FN:6,(anonymous_2)
FNF:2
FNH:2
FNDA:1,(anonymous_1)
FNDA:1,(anonymous_2)
DA:2,1
DA:3,1
DA:5,1
DA:6,1
DA:7,1
DA:8,1
DA:9,1
DA:11,1
DA:12,1
DA:13,1
LF:10
LH:10
BRF:0
BRH:0
end_of_record
TN:
SF:/Users/conduct16/Projects/javascript-algorithms/assets/strings/questions/reverse_string_in_place/reverse_string_in_place.js
FN:38,reverseString
FNF:1
FNH:1
FNDA:2,reverseString
DA:40,2
DA:43,1
DA:44,1
DA:45,1
DA:47,1
DA:49,2
DA:50,2
DA:51,2
DA:54,2
DA:55,2
DA:58,1
LF:11
LH:11
BRDA:40,0,0,1
BRDA:40,0,1,1
BRF:2
BRH:2
end_of_record
TN:
SF:/Users/conduct16/Projects/javascript-algorithms/assets/strings/questions/reverse_string_in_place/test/reverse_string_in_place.spec.js
FN:5,(anonymous_1)
FN:6,(anonymous_2)
FN:10,(anonymous_3)
FNF:3
FNH:3
FNDA:1,(anonymous_1)
FNDA:1,(anonymous_2)
FNDA:1,(anonymous_3)
DA:2,1
DA:3,1
DA:5,1
DA:6,1
DA:7,1
DA:10,1
DA:11,1
LF:7
LH:7
BRF:0
BRH:0
end_of_record
TN:
SF:/Users/conduct16/Projects/javascript-algorithms/assets/strings/questions/reverse_vowels/reverse_vowels.js
FN:48,reverseVowels
FNF:1
FNH:1
FNDA:4,reverseVowels
DA:48,42
DA:50,4
DA:53,4
DA:56,4
DA:59,16
DA:60,16
DA:61,8
DA:66,4
DA:70,2
DA:71,13
DA:72,13
DA:73,6
DA:75,7
DA:79,2
LF:14
LH:14
BRDA:50,0,0,0
BRDA:50,0,1,4
BRDA:60,1,0,8
BRDA:60,1,1,8
BRDA:48,2,0,6
BRDA:48,2,1,12
BRDA:66,3,0,2
BRDA:66,3,1,2
BRDA:72,4,0,6
BRDA:72,4,1,7
BRF:10
BRH:9
end_of_record
TN:
SF:/Users/conduct16/Projects/javascript-algorithms/assets/strings/questions/reverse_vowels/test/reverse_vowels.spec.js
FN:5,(anonymous_1)
FN:6,(anonymous_2)
FN:11,(anonymous_3)
FNF:3
FNH:3
FNDA:1,(anonymous_1)
FNDA:1,(anonymous_2)
FNDA:1,(anonymous_3)
DA:2,1
DA:3,1
DA:5,1
DA:6,1
DA:7,1
DA:8,1
DA:11,1
DA:12,1
DA:13,1
LF:9
LH:9
BRF:0
BRH:0
end_of_record
TN:
SF:/Users/conduct16/Projects/javascript-algorithms/assets/strings/questions/reverse_words/reverse_words.js
FN:77,reverseWords
FN:112,reverseCharacters
FNF:2
FNH:2
FNDA:2,reverseWords
FNDA:6,reverseCharacters
DA:79,2
DA:80,2
DA:90,2
DA:91,2
DA:93,25
DA:96,4
DA:97,4
DA:101,2
DA:114,6
DA:116,21
DA:117,21
DA:118,21
DA:119,21
DA:120,21
LF:14
LH:14
BRDA:93,0,0,4
BRDA:93,0,1,21
BRDA:93,1,0,25
BRDA:93,1,1,23
BRF:4
BRH:4
end_of_record
TN:
SF:/Users/conduct16/Projects/javascript-algorithms/assets/strings/questions/reverse_words/test/reverse_words.spec.js
FN:5,(anonymous_1)
FN:6,(anonymous_2)
FNF:2
FNH:2
FNDA:1,(anonymous_1)
FNDA:1,(anonymous_2)
DA:2,1
DA:3,1
DA:5,1
DA:6,1
DA:7,1
DA:8,1
LF:6
LH:6
BRF:0
BRH:0
end_of_record
TN:
SF:/Users/conduct16/Projects/javascript-algorithms/assets/strings/questions/string_compression/string_compression.js
FN:43,stringCompress
FNF:1
FNH:1
FNDA:7,stringCompress
DA:44,7
DA:45,7
DA:48,7
DA:50,5
DA:51,42
DA:52,23
DA:55,19
DA:58,19
DA:62,5
LF:9
LH:9
BRDA:48,0,0,2
BRDA:48,0,1,5
BRDA:51,1,0,23
BRDA:51,1,1,19
BRDA:62,2,0,3
BRDA:62,2,1,2
BRF:6
BRH:6
end_of_record
TN:
SF:/Users/conduct16/Projects/javascript-algorithms/assets/strings/questions/string_compression/test/string_compression.spec.js
FN:5,(anonymous_1)
FN:6,(anonymous_2)
FN:11,(anonymous_3)
FN:17,(anonymous_4)
FNF:4
FNH:4
FNDA:1,(anonymous_1)
FNDA:1,(anonymous_2)
FNDA:1,(anonymous_3)
FNDA:1,(anonymous_4)
DA:2,1
DA:3,1
DA:5,1
DA:6,1
DA:7,1
DA:8,1
DA:11,1
DA:12,1
DA:13,1
DA:14,1
DA:17,1
DA:18,1
DA:19,1
LF:13
LH:13
BRF:0
BRH:0
end_of_record
TN:
SF:/Users/conduct16/Projects/javascript-algorithms/assets/strings/questions/string_rotation/string_rotation.js
FN:43,isRotation
FN:55,isSubstring
FNF:2
FNH:2
FNDA:4,isRotation
FNDA:2,isSubstring
DA:45,4
DA:48,2
DA:49,0
DA:52,2
DA:56,2
LF:5
LH:4
BRDA:45,0,0,2
BRDA:45,0,1,2
BRDA:48,1,0,0
BRDA:48,1,1,2
BRF:4
BRH:3
end_of_record
TN:
SF:/Users/conduct16/Projects/javascript-algorithms/assets/strings/questions/string_rotation/test/string_rotation.spec.js
FN:5,(anonymous_1)
FN:6,(anonymous_2)
FN:10,(anonymous_3)
FN:14,(anonymous_4)
FN:18,(anonymous_5)
FNF:5
FNH:5
FNDA:1,(anonymous_1)
FNDA:1,(anonymous_2)
FNDA:1,(anonymous_3)
FNDA:1,(anonymous_4)
FNDA:1,(anonymous_5)
DA:2,1
DA:3,1
DA:5,1
DA:6,1
DA:7,1
DA:10,1
DA:11,1
DA:14,1
DA:15,1
DA:18,1
DA:19,1
LF:11
LH:11
BRF:0
BRH:0
end_of_record
